#
# There is insufficient memory for the Java Runtime Environment to continue.
# Native memory allocation (mmap) failed to map 10485760 bytes for G1 virtual space
# Possible reasons:
#   The system is out of physical RAM or swap space
#   The process is running with CompressedOops enabled, and the Java Heap may be blocking the growth of the native heap
# Possible solutions:
#   Reduce memory load on the system
#   Increase physical memory or swap space
#   Check if swap backing store is full
#   Decrease Java heap size (-Xmx/-Xms)
#   Decrease number of Java threads
#   Decrease Java thread stack sizes (-Xss)
#   Set larger code cache with -XX:ReservedCodeCacheSize=
#   JVM is running with Unscaled Compressed Oops mode in which the Java heap is
#     placed in the first 4GB address space. The Java Heap base address is the
#     maximum limit for the native heap growth. Please use -XX:HeapBaseMinAddress
#     to set the Java Heap base and to place the Java Heap above 4GB virtual address.
# This output file may be truncated or incomplete.
#
#  Out of Memory Error (os_windows.cpp:3559), pid=4160, tid=13640
#
# JRE version: OpenJDK Runtime Environment Temurin-17.0.7+7 (17.0.7+7) (build 17.0.7+7)
# Java VM: OpenJDK 64-Bit Server VM Temurin-17.0.7+7 (17.0.7+7, mixed mode, emulated-client, tiered, compressed oops, compressed class ptrs, g1 gc, windows-amd64)
# No core dump will be written. Minidumps are not enabled by default on client versions of Windows
#

---------------  S U M M A R Y ------------

Command Line: -Dcom.sun.management.jmxremote -Dcom.sun.management.jmxremote.port=55277 -Dcom.sun.management.jmxremote.authenticate=false -Dcom.sun.management.jmxremote.ssl=false -Djava.rmi.server.hostname=localhost -Dspring.jmx.enabled=true -Dmanagement.endpoints.jmx.exposure.include=* -Dspring.application.admin.enabled=true -XX:TieredStopAtLevel=1 -Dspring.boot.project.name=UberUsers -Dfile.encoding=UTF-8 -XX:+ShowCodeDetailsInExceptionMessages com.example.demo1.UberUsersApplication --spring.output.ansi.enabled=always

Host: Intel(R) Core(TM) i3-4005U CPU @ 1.70GHz, 4 cores, 7G,  Windows 10 , 64 bit Build 19041 (10.0.19041.3636)
Time: Mon Jun 17 19:24:33 2024 India Standard Time elapsed time: 29.838337 seconds (0d 0h 0m 29s)

---------------  T H R E A D  ---------------

Current thread (0x000002267ddf0c00):  VMThread "VM Thread" [stack: 0x0000008cea400000,0x0000008cea500000] [id=13640]

Stack: [0x0000008cea400000,0x0000008cea500000]
Native frames: (J=compiled Java code, j=interpreted, Vv=VM code, C=native code)
V  [jvm.dll+0x67754a]
V  [jvm.dll+0x834304]
V  [jvm.dll+0x835aae]
V  [jvm.dll+0x836113]
V  [jvm.dll+0x24696f]
V  [jvm.dll+0x6743f9]
V  [jvm.dll+0x668c8a]
V  [jvm.dll+0x3061bb]
V  [jvm.dll+0x30d6a6]
V  [jvm.dll+0x35cece]
V  [jvm.dll+0x35d0ff]
V  [jvm.dll+0x2dd048]
V  [jvm.dll+0x2db20c]
V  [jvm.dll+0x2da7dc]
V  [jvm.dll+0x31e6db]
V  [jvm.dll+0x83a5bb]
V  [jvm.dll+0x83b2f4]
V  [jvm.dll+0x83b80c]
V  [jvm.dll+0x83bbe4]
V  [jvm.dll+0x83bcb0]
V  [jvm.dll+0x7e4e7a]
V  [jvm.dll+0x676395]
C  [ucrtbase.dll+0x21bb2]
C  [KERNEL32.DLL+0x17344]
C  [ntdll.dll+0x4cc91]

VM_Operation (0x0000008ced5fded0): G1CollectForAllocation, mode: safepoint, requested by thread 0x0000022604565720


---------------  P R O C E S S  ---------------

Threads class SMR info:
_java_thread_list=0x0000022605578630, length=43, elements={
0x0000022670829060, 0x000002267de2e260, 0x000002267ddf7650, 0x000002267de183a0,
0x000002267de19120, 0x000002267de54000, 0x000002267de548c0, 0x000002267de56590,
0x000002267de5a390, 0x000002267df812d0, 0x000002267dd90960, 0x000002267dd90e70,
0x000002267e0cea10, 0x000002267e8d8870, 0x000002267e96d3f0, 0x000002267e975300,
0x000002267e975fd0, 0x000002267e9d2460, 0x000002267e9d2930, 0x000002267ea30040,
0x000002267f220dd0, 0x000002267f222110, 0x000002267f2225e0, 0x000002267f223df0,
0x000002267f222ab0, 0x000002267f222f80, 0x000002267f2212a0, 0x000002267f223450,
0x000002267f2242c0, 0x000002267f223920, 0x000002267f220900, 0x000002267f221c40,
0x0000022604561890, 0x00000226045613c0, 0x0000022604562230, 0x0000022604561d60,
0x0000022604562700, 0x00000226045648b0, 0x00000226045660c0, 0x0000022604566590,
0x0000022604562bd0, 0x00000226045630a0, 0x0000022604565720
}

Java Threads: ( => current thread )
  0x0000022670829060 JavaThread "main" [_thread_blocked, id=14492, stack(0x0000008ce9e00000,0x0000008ce9f00000)]
  0x000002267de2e260 JavaThread "Reference Handler" daemon [_thread_blocked, id=8492, stack(0x0000008cea500000,0x0000008cea600000)]
  0x000002267ddf7650 JavaThread "Finalizer" daemon [_thread_blocked, id=15032, stack(0x0000008cea600000,0x0000008cea700000)]
  0x000002267de183a0 JavaThread "Signal Dispatcher" daemon [_thread_blocked, id=12012, stack(0x0000008cea800000,0x0000008cea900000)]
  0x000002267de19120 JavaThread "Attach Listener" daemon [_thread_blocked, id=14548, stack(0x0000008cea900000,0x0000008ceaa00000)]
  0x000002267de54000 JavaThread "Service Thread" daemon [_thread_blocked, id=3712, stack(0x0000008ceaa00000,0x0000008ceab00000)]
  0x000002267de548c0 JavaThread "Monitor Deflation Thread" daemon [_thread_blocked, id=1516, stack(0x0000008ceab00000,0x0000008ceac00000)]
  0x000002267de56590 JavaThread "C1 CompilerThread0" daemon [_thread_blocked, id=14484, stack(0x0000008ceac00000,0x0000008cead00000)]
  0x000002267de5a390 JavaThread "Sweeper thread" daemon [_thread_blocked, id=7328, stack(0x0000008cead00000,0x0000008ceae00000)]
  0x000002267df812d0 JavaThread "Common-Cleaner" daemon [_thread_blocked, id=14080, stack(0x0000008ceae00000,0x0000008ceaf00000)]
  0x000002267dd90960 JavaThread "C1 CompilerThread1" daemon [_thread_blocked, id=11744, stack(0x0000008ceaf00000,0x0000008ceb000000)]
  0x000002267dd90e70 JavaThread "C1 CompilerThread2" daemon [_thread_blocked, id=12616, stack(0x0000008ceb000000,0x0000008ceb100000)]
  0x000002267e0cea10 JavaThread "Notification Thread" daemon [_thread_blocked, id=13292, stack(0x0000008ceb100000,0x0000008ceb200000)]
  0x000002267e8d8870 JavaThread "RMI TCP Accept-0" daemon [_thread_in_native, id=1432, stack(0x0000008ceb600000,0x0000008ceb700000)]
  0x000002267e96d3f0 JavaThread "RMI TCP Accept-55277" daemon [_thread_in_native, id=2808, stack(0x0000008ceb700000,0x0000008ceb800000)]
  0x000002267e975300 JavaThread "RMI TCP Accept-0" daemon [_thread_in_native, id=12108, stack(0x0000008ceb800000,0x0000008ceb900000)]
  0x000002267e975fd0 JavaThread "RMI TCP Connection(1)-127.0.0.1" daemon [_thread_in_native, id=12420, stack(0x0000008ceba00000,0x0000008cebb00000)]
  0x000002267e9d2460 JavaThread "RMI Scheduler(0)" daemon [_thread_blocked, id=2484, stack(0x0000008cebb00000,0x0000008cebc00000)]
  0x000002267e9d2930 JavaThread "RMI TCP Connection(2)-127.0.0.1" daemon [_thread_in_native, id=4864, stack(0x0000008cebc00000,0x0000008cebd00000)]
  0x000002267ea30040 JavaThread "JMX server connection timeout 21" daemon [_thread_blocked, id=10880, stack(0x0000008cebd00000,0x0000008cebe00000)]
  0x000002267f220dd0 JavaThread "Thread-0" [_thread_blocked, id=8196, stack(0x0000008cebe00000,0x0000008cebf00000)]
  0x000002267f222110 JavaThread "restartedMain" [_thread_blocked, id=8916, stack(0x0000008cebf00000,0x0000008cec000000)]
  0x000002267f2225e0 JavaThread "Catalina-utility-1" [_thread_blocked, id=14716, stack(0x0000008cec000000,0x0000008cec100000)]
  0x000002267f223df0 JavaThread "Catalina-utility-2" [_thread_blocked, id=11440, stack(0x0000008cec100000,0x0000008cec200000)]
  0x000002267f222ab0 JavaThread "http-nio-1010-exec-1" daemon [_thread_blocked, id=14296, stack(0x0000008cec200000,0x0000008cec300000)]
  0x000002267f222f80 JavaThread "http-nio-1010-exec-2" daemon [_thread_blocked, id=11920, stack(0x0000008cec300000,0x0000008cec400000)]
  0x000002267f2212a0 JavaThread "http-nio-1010-exec-3" daemon [_thread_blocked, id=2136, stack(0x0000008cec400000,0x0000008cec500000)]
  0x000002267f223450 JavaThread "http-nio-1010-exec-4" daemon [_thread_blocked, id=9076, stack(0x0000008cec500000,0x0000008cec600000)]
  0x000002267f2242c0 JavaThread "http-nio-1010-exec-5" daemon [_thread_blocked, id=2004, stack(0x0000008cec600000,0x0000008cec700000)]
  0x000002267f223920 JavaThread "http-nio-1010-exec-6" daemon [_thread_blocked, id=14996, stack(0x0000008cec700000,0x0000008cec800000)]
  0x000002267f220900 JavaThread "http-nio-1010-exec-7" daemon [_thread_blocked, id=11220, stack(0x0000008cec800000,0x0000008cec900000)]
  0x000002267f221c40 JavaThread "http-nio-1010-exec-8" daemon [_thread_blocked, id=12388, stack(0x0000008cec900000,0x0000008ceca00000)]
  0x0000022604561890 JavaThread "http-nio-1010-exec-9" daemon [_thread_blocked, id=9992, stack(0x0000008ceca00000,0x0000008cecb00000)]
  0x00000226045613c0 JavaThread "http-nio-1010-exec-10" daemon [_thread_blocked, id=13772, stack(0x0000008cecb00000,0x0000008cecc00000)]
  0x0000022604562230 JavaThread "container-0" [_thread_blocked, id=8944, stack(0x0000008cecc00000,0x0000008cecd00000)]
  0x0000022604561d60 JavaThread "mysql-cj-abandoned-connection-cleanup" daemon [_thread_blocked, id=14540, stack(0x0000008cecd00000,0x0000008cece00000)]
  0x0000022604562700 JavaThread "HikariPool-1 housekeeper" daemon [_thread_blocked, id=5268, stack(0x0000008cecf00000,0x0000008ced000000)]
  0x00000226045648b0 JavaThread "spring.cloud.inetutils" daemon [_thread_blocked, id=6420, stack(0x0000008ced000000,0x0000008ced100000)]
  0x00000226045660c0 JavaThread "File Watcher" daemon [_thread_blocked, id=14576, stack(0x0000008ced100000,0x0000008ced200000)]
  0x0000022604566590 JavaThread "AsyncResolver-bootstrap-0" daemon [_thread_blocked, id=15068, stack(0x0000008ced200000,0x0000008ced300000)]
  0x0000022604562bd0 JavaThread "DiscoveryClient-0" daemon [_thread_blocked, id=3292, stack(0x0000008ced300000,0x0000008ced400000)]
  0x00000226045630a0 JavaThread "DiscoveryClient-1" daemon [_thread_blocked, id=14216, stack(0x0000008ced400000,0x0000008ced500000)]
  0x0000022604565720 JavaThread "DiscoveryClient-InstanceInfoReplicator-0" daemon [_thread_blocked, id=4776, stack(0x0000008ced500000,0x0000008ced600000)]

Other Threads:
=>0x000002267ddf0c00 VMThread "VM Thread" [stack: 0x0000008cea400000,0x0000008cea500000] [id=13640]
  0x000002267e60c110 WatcherThread [stack: 0x0000008ceb900000,0x0000008ceba00000] [id=13052]
  0x0000022670884f90 GCTaskThread "GC Thread#0" [stack: 0x0000008ce9f00000,0x0000008cea000000] [id=3096]
  0x000002267e8e4900 GCTaskThread "GC Thread#1" [stack: 0x0000008ceb200000,0x0000008ceb300000] [id=6680]
  0x000002267e8ed330 GCTaskThread "GC Thread#2" [stack: 0x0000008ceb300000,0x0000008ceb400000] [id=3620]
  0x000002267e955290 GCTaskThread "GC Thread#3" [stack: 0x0000008ceb400000,0x0000008ceb500000] [id=8500]
  0x0000022670895ae0 ConcurrentGCThread "G1 Main Marker" [stack: 0x0000008cea000000,0x0000008cea100000] [id=13596]
  0x0000022670896ba0 ConcurrentGCThread "G1 Conc#0" [stack: 0x0000008cea100000,0x0000008cea200000] [id=14384]
  0x000002267dc62860 ConcurrentGCThread "G1 Refine#0" [stack: 0x0000008cea200000,0x0000008cea300000] [id=14428]
  0x000002267e8da770 ConcurrentGCThread "G1 Refine#1" [stack: 0x0000008ceb500000,0x0000008ceb600000] [id=11604]
  0x000002267dc63190 ConcurrentGCThread "G1 Service" [stack: 0x0000008cea300000,0x0000008cea400000] [id=15272]

Threads with active compile tasks:

VM state: at safepoint (normal execution)

VM Mutex/Monitor currently owned by a thread:  ([mutex/lock_event])
[0x0000022670824a70] Threads_lock - owner thread: 0x000002267ddf0c00
[0x0000022670824290] Heap_lock - owner thread: 0x0000022604565720

Heap address: 0x0000000081800000, size: 2024 MB, Compressed Oops mode: 32-bit

CDS archive(s) not mapped
Compressed class space mapped at: 0x0000000100000000-0x0000000140000000, reserved size: 1073741824
Narrow klass base: 0x0000000000000000, Narrow klass shift: 3, Narrow klass range: 0x140000000

GC Precious Log:
 CPUs: 4 total, 4 available
 Memory: 8095M
 Large Page Support: Disabled
 NUMA Support: Disabled
 Compressed Oops: Enabled (32-bit)
 Heap Region Size: 1M
 Heap Min Capacity: 8M
 Heap Initial Capacity: 128M
 Heap Max Capacity: 2024M
 Pre-touch: Disabled
 Parallel Workers: 4
 Concurrent Workers: 1
 Concurrent Refinement Workers: 4
 Periodic GC: Disabled

Heap:
 garbage-first heap   total 120832K, used 54831K [0x0000000081800000, 0x0000000100000000)
  region size 1024K, 6 young (6144K), 6 survivors (6144K)
 Metaspace       used 87067K, committed 87680K, reserved 1179648K
  class space    used 12074K, committed 12352K, reserved 1048576K

Heap Regions: E=young(eden), S=young(survivor), O=old, HS=humongous(starts), HC=humongous(continues), CS=collection set, F=free, OA=open archive, CA=closed archive, TAMS=top-at-mark-start (previous, next)
|   0|0x0000000081800000, 0x0000000081900000, 0x0000000081900000|100%|HS|  |TAMS 0x0000000081900000, 0x0000000081800000| Complete 
|   1|0x0000000081900000, 0x0000000081a00000, 0x0000000081a00000|100%|HS|  |TAMS 0x0000000081a00000, 0x0000000081900000| Complete 
|   2|0x0000000081a00000, 0x0000000081b00000, 0x0000000081b00000|100%| O|  |TAMS 0x0000000081b00000, 0x0000000081a00000| Untracked 
|   3|0x0000000081b00000, 0x0000000081c00000, 0x0000000081c00000|100%| O|  |TAMS 0x0000000081c00000, 0x0000000081b00000| Untracked 
|   4|0x0000000081c00000, 0x0000000081d00000, 0x0000000081d00000|100%| O|  |TAMS 0x0000000081d00000, 0x0000000081c00000| Untracked 
|   5|0x0000000081d00000, 0x0000000081e00000, 0x0000000081e00000|100%| O|  |TAMS 0x0000000081e00000, 0x0000000081d00000| Untracked 
|   6|0x0000000081e00000, 0x0000000081f00000, 0x0000000081f00000|100%| O|  |TAMS 0x0000000081f00000, 0x0000000081e00000| Untracked 
|   7|0x0000000081f00000, 0x0000000082000000, 0x0000000082000000|100%| O|  |TAMS 0x0000000082000000, 0x0000000081f00000| Untracked 
|   8|0x0000000082000000, 0x0000000082100000, 0x0000000082100000|100%| O|  |TAMS 0x0000000082100000, 0x0000000082000000| Untracked 
|   9|0x0000000082100000, 0x0000000082200000, 0x0000000082200000|100%| O|  |TAMS 0x0000000082200000, 0x0000000082100000| Untracked 
|  10|0x0000000082200000, 0x0000000082300000, 0x0000000082300000|100%| O|  |TAMS 0x0000000082300000, 0x0000000082200000| Untracked 
|  11|0x0000000082300000, 0x0000000082400000, 0x0000000082400000|100%| O|  |TAMS 0x0000000082400000, 0x0000000082300000| Untracked 
|  12|0x0000000082400000, 0x0000000082500000, 0x0000000082500000|100%| O|  |TAMS 0x0000000082500000, 0x0000000082400000| Untracked 
|  13|0x0000000082500000, 0x0000000082600000, 0x0000000082600000|100%| O|  |TAMS 0x0000000082600000, 0x0000000082500000| Untracked 
|  14|0x0000000082600000, 0x0000000082700000, 0x0000000082700000|100%| O|  |TAMS 0x0000000082700000, 0x0000000082600000| Untracked 
|  15|0x0000000082700000, 0x0000000082800000, 0x0000000082800000|100%| O|  |TAMS 0x0000000082800000, 0x0000000082700000| Untracked 
|  16|0x0000000082800000, 0x0000000082900000, 0x0000000082900000|100%| O|  |TAMS 0x0000000082900000, 0x0000000082800000| Untracked 
|  17|0x0000000082900000, 0x0000000082a00000, 0x0000000082a00000|100%| O|  |TAMS 0x0000000082a00000, 0x0000000082900000| Untracked 
|  18|0x0000000082a00000, 0x0000000082b00000, 0x0000000082b00000|100%| O|  |TAMS 0x0000000082b00000, 0x0000000082a00000| Untracked 
|  19|0x0000000082b00000, 0x0000000082c00000, 0x0000000082c00000|100%| O|  |TAMS 0x0000000082c00000, 0x0000000082b00000| Untracked 
|  20|0x0000000082c00000, 0x0000000082d00000, 0x0000000082d00000|100%| O|  |TAMS 0x0000000082d00000, 0x0000000082c00000| Untracked 
|  21|0x0000000082d00000, 0x0000000082e00000, 0x0000000082e00000|100%| O|  |TAMS 0x0000000082d00000, 0x0000000082d00000| Untracked 
|  22|0x0000000082e00000, 0x0000000082f00000, 0x0000000082f00000|100%| O|  |TAMS 0x0000000082e00000, 0x0000000082e00000| Untracked 
|  23|0x0000000082f00000, 0x0000000083000000, 0x0000000083000000|100%| O|  |TAMS 0x0000000083000000, 0x0000000082f00000| Untracked 
|  24|0x0000000083000000, 0x0000000083100000, 0x0000000083100000|100%| O|  |TAMS 0x0000000083000000, 0x0000000083000000| Untracked 
|  25|0x0000000083100000, 0x0000000083200000, 0x0000000083200000|100%| O|  |TAMS 0x0000000083100000, 0x0000000083100000| Untracked 
|  26|0x0000000083200000, 0x0000000083300000, 0x0000000083300000|100%| O|  |TAMS 0x0000000083300000, 0x0000000083200000| Untracked 
|  27|0x0000000083300000, 0x0000000083400000, 0x0000000083400000|100%| O|  |TAMS 0x0000000083400000, 0x0000000083300000| Untracked 
|  28|0x0000000083400000, 0x0000000083500000, 0x0000000083500000|100%| O|  |TAMS 0x0000000083500000, 0x0000000083400000| Untracked 
|  29|0x0000000083500000, 0x0000000083600000, 0x0000000083600000|100%| O|  |TAMS 0x0000000083600000, 0x0000000083500000| Untracked 
|  30|0x0000000083600000, 0x0000000083700000, 0x0000000083700000|100%| O|  |TAMS 0x0000000083600000, 0x0000000083600000| Untracked 
|  31|0x0000000083700000, 0x0000000083800000, 0x0000000083800000|100%| O|  |TAMS 0x0000000083800000, 0x0000000083700000| Untracked 
|  32|0x0000000083800000, 0x0000000083900000, 0x0000000083900000|100%| O|  |TAMS 0x000000008381f800, 0x0000000083800000| Untracked 
|  33|0x0000000083900000, 0x0000000083a00000, 0x0000000083a00000|100%| O|  |TAMS 0x0000000083900000, 0x0000000083900000| Untracked 
|  34|0x0000000083a00000, 0x0000000083b00000, 0x0000000083b00000|100%| O|  |TAMS 0x0000000083a00000, 0x0000000083a00000| Untracked 
|  35|0x0000000083b00000, 0x0000000083c00000, 0x0000000083c00000|100%| O|  |TAMS 0x0000000083b00000, 0x0000000083b00000| Untracked 
|  36|0x0000000083c00000, 0x0000000083d00000, 0x0000000083d00000|100%| O|  |TAMS 0x0000000083c00000, 0x0000000083c00000| Untracked 
|  37|0x0000000083d00000, 0x0000000083e00000, 0x0000000083e00000|100%| O|  |TAMS 0x0000000083d00000, 0x0000000083d00000| Untracked 
|  38|0x0000000083e00000, 0x0000000083f00000, 0x0000000083f00000|100%| O|  |TAMS 0x0000000083e00000, 0x0000000083e00000| Untracked 
|  39|0x0000000083f00000, 0x0000000084000000, 0x0000000084000000|100%| O|  |TAMS 0x0000000083f00000, 0x0000000083f00000| Untracked 
|  40|0x0000000084000000, 0x0000000084100000, 0x0000000084100000|100%| O|  |TAMS 0x0000000084000000, 0x0000000084000000| Untracked 
|  41|0x0000000084100000, 0x0000000084200000, 0x0000000084200000|100%| O|  |TAMS 0x0000000084100000, 0x0000000084100000| Untracked 
|  42|0x0000000084200000, 0x0000000084300000, 0x0000000084300000|100%| O|  |TAMS 0x0000000084200000, 0x0000000084200000| Untracked 
|  43|0x0000000084300000, 0x0000000084400000, 0x0000000084400000|100%| O|  |TAMS 0x0000000084300000, 0x0000000084300000| Untracked 
|  44|0x0000000084400000, 0x0000000084500000, 0x0000000084500000|100%| O|  |TAMS 0x0000000084400000, 0x0000000084400000| Untracked 
|  45|0x0000000084500000, 0x0000000084600000, 0x0000000084600000|100%| O|  |TAMS 0x0000000084500000, 0x0000000084500000| Untracked 
|  46|0x0000000084600000, 0x0000000084700000, 0x0000000084700000|100%| O|  |TAMS 0x0000000084600000, 0x0000000084600000| Untracked 
|  47|0x0000000084700000, 0x000000008479a000, 0x0000000084800000| 60%| O|  |TAMS 0x0000000084700000, 0x0000000084700000| Untracked 
|  48|0x0000000084800000, 0x0000000084800000, 0x0000000084900000|  0%| F|  |TAMS 0x0000000084800000, 0x0000000084800000| Untracked 
|  49|0x0000000084900000, 0x0000000084900000, 0x0000000084a00000|  0%| F|  |TAMS 0x0000000084900000, 0x0000000084900000| Untracked 
|  50|0x0000000084a00000, 0x0000000084a00000, 0x0000000084b00000|  0%| F|  |TAMS 0x0000000084a00000, 0x0000000084a00000| Untracked 
|  51|0x0000000084b00000, 0x0000000084b00000, 0x0000000084c00000|  0%| F|  |TAMS 0x0000000084b00000, 0x0000000084b00000| Untracked 
|  52|0x0000000084c00000, 0x0000000084c00000, 0x0000000084d00000|  0%| F|  |TAMS 0x0000000084c00000, 0x0000000084c00000| Untracked 
|  53|0x0000000084d00000, 0x0000000084d00000, 0x0000000084e00000|  0%| F|  |TAMS 0x0000000084d00000, 0x0000000084d00000| Untracked 
|  54|0x0000000084e00000, 0x0000000084e00000, 0x0000000084f00000|  0%| F|  |TAMS 0x0000000084e00000, 0x0000000084e00000| Untracked 
|  55|0x0000000084f00000, 0x0000000084f00000, 0x0000000085000000|  0%| F|  |TAMS 0x0000000084f00000, 0x0000000084f00000| Untracked 
|  56|0x0000000085000000, 0x0000000085000000, 0x0000000085100000|  0%| F|  |TAMS 0x0000000085000000, 0x0000000085000000| Untracked 
|  57|0x0000000085100000, 0x0000000085100000, 0x0000000085200000|  0%| F|  |TAMS 0x0000000085100000, 0x0000000085100000| Untracked 
|  58|0x0000000085200000, 0x0000000085200000, 0x0000000085300000|  0%| F|  |TAMS 0x0000000085200000, 0x0000000085200000| Untracked 
|  59|0x0000000085300000, 0x00000000853f1c20, 0x0000000085400000| 94%| S|CS|TAMS 0x0000000085300000, 0x0000000085300000| Complete 
|  60|0x0000000085400000, 0x0000000085500000, 0x0000000085500000|100%| S|CS|TAMS 0x0000000085400000, 0x0000000085400000| Complete 
|  61|0x0000000085500000, 0x0000000085600000, 0x0000000085600000|100%| S|CS|TAMS 0x0000000085500000, 0x0000000085500000| Complete 
|  62|0x0000000085600000, 0x0000000085700000, 0x0000000085700000|100%| S|CS|TAMS 0x0000000085600000, 0x0000000085600000| Complete 
|  63|0x0000000085700000, 0x0000000085700000, 0x0000000085800000|  0%| F|  |TAMS 0x0000000085700000, 0x0000000085700000| Untracked 
|  64|0x0000000085800000, 0x0000000085800000, 0x0000000085900000|  0%| F|  |TAMS 0x0000000085800000, 0x0000000085800000| Untracked 
|  65|0x0000000085900000, 0x0000000085900000, 0x0000000085a00000|  0%| F|  |TAMS 0x0000000085900000, 0x0000000085900000| Untracked 
|  66|0x0000000085a00000, 0x0000000085b00000, 0x0000000085b00000|100%| S|CS|TAMS 0x0000000085a00000, 0x0000000085a00000| Complete 
|  67|0x0000000085b00000, 0x0000000085b00000, 0x0000000085c00000|  0%| F|  |TAMS 0x0000000085b00000, 0x0000000085b00000| Untracked 
|  68|0x0000000085c00000, 0x0000000085d00000, 0x0000000085d00000|100%| S|CS|TAMS 0x0000000085c00000, 0x0000000085c00000| Complete 
|  69|0x0000000085d00000, 0x0000000085d00000, 0x0000000085e00000|  0%| F|  |TAMS 0x0000000085d00000, 0x0000000085d00000| Untracked 
|  70|0x0000000085e00000, 0x0000000085e00000, 0x0000000085f00000|  0%| F|  |TAMS 0x0000000085e00000, 0x0000000085e00000| Untracked 
|  71|0x0000000085f00000, 0x0000000085f00000, 0x0000000086000000|  0%| F|  |TAMS 0x0000000085f00000, 0x0000000085f00000| Untracked 
|  72|0x0000000086000000, 0x0000000086000000, 0x0000000086100000|  0%| F|  |TAMS 0x0000000086000000, 0x0000000086000000| Untracked 
|  73|0x0000000086100000, 0x0000000086100000, 0x0000000086200000|  0%| F|  |TAMS 0x0000000086100000, 0x0000000086100000| Untracked 
|  74|0x0000000086200000, 0x0000000086200000, 0x0000000086300000|  0%| F|  |TAMS 0x0000000086200000, 0x0000000086200000| Untracked 
|  75|0x0000000086300000, 0x0000000086300000, 0x0000000086400000|  0%| F|  |TAMS 0x0000000086300000, 0x0000000086300000| Untracked 
|  76|0x0000000086400000, 0x0000000086400000, 0x0000000086500000|  0%| F|  |TAMS 0x0000000086400000, 0x0000000086400000| Untracked 
|  77|0x0000000086500000, 0x0000000086500000, 0x0000000086600000|  0%| F|  |TAMS 0x0000000086500000, 0x0000000086500000| Untracked 
|  78|0x0000000086600000, 0x0000000086600000, 0x0000000086700000|  0%| F|  |TAMS 0x0000000086600000, 0x0000000086600000| Untracked 
|  79|0x0000000086700000, 0x0000000086700000, 0x0000000086800000|  0%| F|  |TAMS 0x0000000086700000, 0x0000000086700000| Untracked 
|  80|0x0000000086800000, 0x0000000086800000, 0x0000000086900000|  0%| F|  |TAMS 0x0000000086800000, 0x0000000086800000| Untracked 
|  81|0x0000000086900000, 0x0000000086900000, 0x0000000086a00000|  0%| F|  |TAMS 0x0000000086900000, 0x0000000086900000| Untracked 
|  82|0x0000000086a00000, 0x0000000086a00000, 0x0000000086b00000|  0%| F|  |TAMS 0x0000000086a00000, 0x0000000086a00000| Untracked 
|  83|0x0000000086b00000, 0x0000000086b00000, 0x0000000086c00000|  0%| F|  |TAMS 0x0000000086b00000, 0x0000000086b00000| Untracked 
|  84|0x0000000086c00000, 0x0000000086c00000, 0x0000000086d00000|  0%| F|  |TAMS 0x0000000086c00000, 0x0000000086c00000| Untracked 
|  85|0x0000000086d00000, 0x0000000086d00000, 0x0000000086e00000|  0%| F|  |TAMS 0x0000000086d00000, 0x0000000086d00000| Untracked 
|  86|0x0000000086e00000, 0x0000000086e00000, 0x0000000086f00000|  0%| F|  |TAMS 0x0000000086e00000, 0x0000000086e00000| Untracked 
|  87|0x0000000086f00000, 0x0000000086f00000, 0x0000000087000000|  0%| F|  |TAMS 0x0000000086f00000, 0x0000000086f00000| Untracked 
|  88|0x0000000087000000, 0x0000000087000000, 0x0000000087100000|  0%| F|  |TAMS 0x0000000087000000, 0x0000000087000000| Untracked 
|  89|0x0000000087100000, 0x0000000087100000, 0x0000000087200000|  0%| F|  |TAMS 0x0000000087100000, 0x0000000087100000| Untracked 
|  90|0x0000000087200000, 0x0000000087200000, 0x0000000087300000|  0%| F|  |TAMS 0x0000000087200000, 0x0000000087200000| Untracked 
|  91|0x0000000087300000, 0x0000000087300000, 0x0000000087400000|  0%| F|  |TAMS 0x0000000087300000, 0x0000000087300000| Untracked 
|  92|0x0000000087400000, 0x0000000087400000, 0x0000000087500000|  0%| F|  |TAMS 0x0000000087400000, 0x0000000087400000| Untracked 
|  93|0x0000000087500000, 0x0000000087500000, 0x0000000087600000|  0%| F|  |TAMS 0x0000000087500000, 0x0000000087500000| Untracked 
|  94|0x0000000087600000, 0x0000000087600000, 0x0000000087700000|  0%| F|  |TAMS 0x0000000087600000, 0x0000000087600000| Untracked 
|  95|0x0000000087700000, 0x0000000087700000, 0x0000000087800000|  0%| F|  |TAMS 0x0000000087700000, 0x0000000087700000| Untracked 
|  96|0x0000000087800000, 0x0000000087800000, 0x0000000087900000|  0%| F|  |TAMS 0x0000000087800000, 0x0000000087800000| Untracked 
|  97|0x0000000087900000, 0x0000000087900000, 0x0000000087a00000|  0%| F|  |TAMS 0x0000000087900000, 0x0000000087900000| Untracked 
|  98|0x0000000087a00000, 0x0000000087a00000, 0x0000000087b00000|  0%| F|  |TAMS 0x0000000087a00000, 0x0000000087a00000| Untracked 
|  99|0x0000000087b00000, 0x0000000087b00000, 0x0000000087c00000|  0%| F|  |TAMS 0x0000000087b00000, 0x0000000087b00000| Untracked 
| 100|0x0000000087c00000, 0x0000000087c00000, 0x0000000087d00000|  0%| F|  |TAMS 0x0000000087c00000, 0x0000000087c00000| Untracked 
| 101|0x0000000087d00000, 0x0000000087d00000, 0x0000000087e00000|  0%| F|  |TAMS 0x0000000087d00000, 0x0000000087d00000| Untracked 
| 102|0x0000000087e00000, 0x0000000087e00000, 0x0000000087f00000|  0%| F|  |TAMS 0x0000000087e00000, 0x0000000087e00000| Untracked 
| 103|0x0000000087f00000, 0x0000000087f00000, 0x0000000088000000|  0%| F|  |TAMS 0x0000000087f00000, 0x0000000087f00000| Untracked 
| 104|0x0000000088000000, 0x0000000088000000, 0x0000000088100000|  0%| F|  |TAMS 0x0000000088000000, 0x0000000088000000| Untracked 
| 105|0x0000000088100000, 0x0000000088100000, 0x0000000088200000|  0%| F|  |TAMS 0x0000000088100000, 0x0000000088100000| Untracked 
| 106|0x0000000088200000, 0x0000000088200000, 0x0000000088300000|  0%| F|  |TAMS 0x0000000088200000, 0x0000000088200000| Untracked 
| 107|0x0000000088300000, 0x0000000088300000, 0x0000000088400000|  0%| F|  |TAMS 0x0000000088300000, 0x0000000088300000| Untracked 
| 108|0x0000000088400000, 0x0000000088400000, 0x0000000088500000|  0%| F|  |TAMS 0x0000000088400000, 0x0000000088400000| Untracked 
| 109|0x0000000088500000, 0x0000000088500000, 0x0000000088600000|  0%| F|  |TAMS 0x0000000088500000, 0x0000000088500000| Untracked 
| 110|0x0000000088600000, 0x0000000088600000, 0x0000000088700000|  0%| F|  |TAMS 0x0000000088600000, 0x0000000088600000| Untracked 
| 111|0x0000000088700000, 0x0000000088700000, 0x0000000088800000|  0%| F|  |TAMS 0x0000000088700000, 0x0000000088700000| Untracked 
| 112|0x0000000088800000, 0x0000000088800000, 0x0000000088900000|  0%| F|  |TAMS 0x0000000088800000, 0x0000000088800000| Untracked 
| 113|0x0000000088900000, 0x0000000088900000, 0x0000000088a00000|  0%| F|  |TAMS 0x0000000088900000, 0x0000000088900000| Untracked 
| 114|0x0000000088a00000, 0x0000000088a00000, 0x0000000088b00000|  0%| F|  |TAMS 0x0000000088a00000, 0x0000000088a00000| Untracked 
| 115|0x0000000088b00000, 0x0000000088b00000, 0x0000000088c00000|  0%| F|  |TAMS 0x0000000088b00000, 0x0000000088b00000| Untracked 
| 126|0x0000000089600000, 0x0000000089600000, 0x0000000089700000|  0%| F|  |TAMS 0x0000000089600000, 0x0000000089600000| Untracked 
| 127|0x0000000089700000, 0x0000000089700000, 0x0000000089800000|  0%| F|  |TAMS 0x0000000089700000, 0x0000000089700000| Untracked 

Card table byte_map: [0x00000226772d0000,0x00000226776d0000] _byte_map_base: 0x0000022676ec4000

Marking Bits (Prev, Next): (CMBitMap*) 0x00000226708854b0, (CMBitMap*) 0x00000226708854f0
 Prev Bits: [0x0000022677ad0000, 0x0000022679a70000)
 Next Bits: [0x0000022679a70000, 0x000002267ba10000)

Polling page: 0x000002266e7f0000

Metaspace:

Usage:
  Non-class:     73.24 MB used.
      Class:     11.79 MB used.
       Both:     85.03 MB used.

Virtual space:
  Non-class space:      128.00 MB reserved,      73.56 MB ( 57%) committed,  2 nodes.
      Class space:        1.00 GB reserved,      12.06 MB (  1%) committed,  1 nodes.
             Both:        1.12 GB reserved,      85.62 MB (  7%) committed. 

Chunk freelists:
   Non-Class:  6.39 MB
       Class:  3.89 MB
        Both:  10.28 MB

MaxMetaspaceSize: unlimited
CompressedClassSpaceSize: 1.00 GB
Initial GC threshold: 21.00 MB
Current GC threshold: 105.88 MB
CDS: off
MetaspaceReclaimPolicy: balanced
 - commit_granule_bytes: 65536.
 - commit_granule_words: 8192.
 - virtual_space_node_default_size: 8388608.
 - enlarge_chunks_in_place: 1.
 - new_chunks_are_fully_committed: 0.
 - uncommit_free_chunks: 1.
 - use_allocation_guard: 0.
 - handle_deallocations: 1.


Internal statistics:

num_allocs_failed_limit: 12.
num_arena_births: 874.
num_arena_deaths: 0.
num_vsnodes_births: 3.
num_vsnodes_deaths: 0.
num_space_committed: 1370.
num_space_uncommitted: 0.
num_chunks_returned_to_freelist: 12.
num_chunks_taken_from_freelist: 3704.
num_chunk_merges: 12.
num_chunk_splits: 2676.
num_chunks_enlarged: 2060.
num_inconsistent_stats: 0.

CodeCache: size=49152Kb used=14327Kb max_used=14327Kb free=34824Kb
 bounds [0x0000022673ed0000, 0x0000022674cd0000, 0x0000022676ed0000]
 total_blobs=7961 nmethods=7253 adapters=633
 compilation: enabled
              stopped_count=0, restarted_count=0
 full_count=0

Compilation events (20 events):
Event: 29.745 Thread 0x000002267dd90e70 7245       1       java.util.concurrent.locks.AbstractQueuedSynchronizer::releaseShared (19 bytes)
Event: 29.745 Thread 0x000002267dd90960 nmethod 7244 0x0000022674cc9310 code [0x0000022674cc94a0, 0x0000022674cc9558]
Event: 29.745 Thread 0x000002267dd90960 7246       1       java.util.concurrent.locks.ReentrantReadWriteLock$ReadLock::unlock (10 bytes)
Event: 29.745 Thread 0x000002267dd90960 nmethod 7246 0x0000022674cc9610 code [0x0000022674cc97c0, 0x0000022674cc9918]
Event: 29.746 Thread 0x000002267dd90960 7247       1       java.util.concurrent.locks.ReentrantReadWriteLock$Sync::tryReleaseShared (146 bytes)
Event: 29.746 Thread 0x000002267dd90e70 nmethod 7245 0x0000022674cc9a10 code [0x0000022674cc9bc0, 0x0000022674cc9db8]
Event: 29.746 Thread 0x000002267de56590 nmethod 7243 0x0000022674cc9f10 code [0x0000022674cca120, 0x0000022674cca768]
Event: 29.747 Thread 0x000002267dd90960 nmethod 7247 0x0000022674ccab10 code [0x0000022674ccace0, 0x0000022674ccb108]
Event: 29.750 Thread 0x000002267dd90960 7248       1       org.springframework.boot.ansi.AnsiColor::toString (5 bytes)
Event: 29.750 Thread 0x000002267dd90960 nmethod 7248 0x0000022674ccb410 code [0x0000022674ccb5a0, 0x0000022674ccb678]
Event: 29.753 Thread 0x000002267dd90960 7249   !   1       jdk.proxy2.$Proxy84::annotationType (29 bytes)
Event: 29.754 Thread 0x000002267dd90960 nmethod 7249 0x0000022674ccb710 code [0x0000022674ccb8c0, 0x0000022674ccbad8]
Event: 29.801 Thread 0x000002267dd90e70 7250       1       java.lang.invoke.MethodHandle::spreadArrayChecks (89 bytes)
Event: 29.803 Thread 0x000002267dd90e70 nmethod 7250 0x0000022674ccbc10 code [0x0000022674ccbf00, 0x0000022674ccc818]
Event: 29.805 Thread 0x000002267dd90e70 7251       1       org.springframework.core.OrderComparator::getOrder (111 bytes)
Event: 29.806 Thread 0x000002267dd90e70 nmethod 7251 0x0000022674cccd90 code [0x0000022674cccf80, 0x0000022674ccd238]
Event: 29.807 Thread 0x000002267de56590 7252       1       java.math.BigDecimal::valueOf (57 bytes)
Event: 29.808 Thread 0x000002267de56590 nmethod 7252 0x0000022674ccd490 code [0x0000022674ccd640, 0x0000022674ccd8f8]
Event: 29.811 Thread 0x000002267de56590 7253       1       java.util.Formatter$Conversion::isValid (358 bytes)
Event: 29.811 Thread 0x000002267de56590 nmethod 7253 0x0000022674ccda10 code [0x0000022674ccdba0, 0x0000022674ccdcd8]

GC Heap History (20 events):
Event: 14.619 GC heap after
{Heap after GC invocations=19 (full 0):
 garbage-first heap   total 100352K, used 32161K [0x0000000081800000, 0x0000000100000000)
  region size 1024K, 5 young (5120K), 5 survivors (5120K)
 Metaspace       used 50675K, committed 51136K, reserved 1114112K
  class space    used 6670K, committed 6912K, reserved 1048576K
}
Event: 17.438 GC heap before
{Heap before GC invocations=20 (full 0):
 garbage-first heap   total 100352K, used 79265K [0x0000000081800000, 0x0000000100000000)
  region size 1024K, 51 young (52224K), 5 survivors (5120K)
 Metaspace       used 63988K, committed 64512K, reserved 1114112K
  class space    used 8558K, committed 8768K, reserved 1048576K
}
Event: 17.455 GC heap after
{Heap after GC invocations=21 (full 0):
 garbage-first heap   total 100352K, used 35454K [0x0000000081800000, 0x0000000100000000)
  region size 1024K, 7 young (7168K), 7 survivors (7168K)
 Metaspace       used 63988K, committed 64512K, reserved 1114112K
  class space    used 8558K, committed 8768K, reserved 1048576K
}
Event: 19.753 GC heap before
{Heap before GC invocations=22 (full 0):
 garbage-first heap   total 100352K, used 79486K [0x0000000081800000, 0x0000000100000000)
  region size 1024K, 50 young (51200K), 7 survivors (7168K)
 Metaspace       used 74202K, committed 74688K, reserved 1114112K
  class space    used 10156K, committed 10368K, reserved 1048576K
}
Event: 19.772 GC heap after
{Heap after GC invocations=23 (full 0):
 garbage-first heap   total 100352K, used 37501K [0x0000000081800000, 0x0000000100000000)
  region size 1024K, 6 young (6144K), 6 survivors (6144K)
 Metaspace       used 74202K, committed 74688K, reserved 1114112K
  class space    used 10156K, committed 10368K, reserved 1048576K
}
Event: 20.946 GC heap before
{Heap before GC invocations=23 (full 0):
 garbage-first heap   total 100352K, used 80509K [0x0000000081800000, 0x0000000100000000)
  region size 1024K, 48 young (49152K), 6 survivors (6144K)
 Metaspace       used 76775K, committed 77440K, reserved 1179648K
  class space    used 10480K, committed 10816K, reserved 1048576K
}
Event: 20.963 GC heap after
{Heap after GC invocations=24 (full 0):
 garbage-first heap   total 100352K, used 40344K [0x0000000081800000, 0x0000000100000000)
  region size 1024K, 5 young (5120K), 5 survivors (5120K)
 Metaspace       used 76775K, committed 77440K, reserved 1179648K
  class space    used 10480K, committed 10816K, reserved 1048576K
}
Event: 21.955 GC heap before
{Heap before GC invocations=24 (full 0):
 garbage-first heap   total 100352K, used 81304K [0x0000000081800000, 0x0000000100000000)
  region size 1024K, 45 young (46080K), 5 survivors (5120K)
 Metaspace       used 77594K, committed 78208K, reserved 1179648K
  class space    used 10593K, committed 10880K, reserved 1048576K
}
Event: 21.971 GC heap after
{Heap after GC invocations=25 (full 0):
 garbage-first heap   total 100352K, used 41896K [0x0000000081800000, 0x0000000100000000)
  region size 1024K, 5 young (5120K), 5 survivors (5120K)
 Metaspace       used 77594K, committed 78208K, reserved 1179648K
  class space    used 10593K, committed 10880K, reserved 1048576K
}
Event: 22.874 GC heap before
{Heap before GC invocations=25 (full 0):
 garbage-first heap   total 100352K, used 81832K [0x0000000081800000, 0x0000000100000000)
  region size 1024K, 44 young (45056K), 5 survivors (5120K)
 Metaspace       used 78684K, committed 79296K, reserved 1179648K
  class space    used 10748K, committed 11072K, reserved 1048576K
}
Event: 22.892 GC heap after
{Heap after GC invocations=26 (full 0):
 garbage-first heap   total 100352K, used 44134K [0x0000000081800000, 0x0000000100000000)
  region size 1024K, 4 young (4096K), 4 survivors (4096K)
 Metaspace       used 78684K, committed 79296K, reserved 1179648K
  class space    used 10748K, committed 11072K, reserved 1048576K
}
Event: 23.783 GC heap before
{Heap before GC invocations=26 (full 0):
 garbage-first heap   total 100352K, used 82022K [0x0000000081800000, 0x0000000100000000)
  region size 1024K, 41 young (41984K), 4 survivors (4096K)
 Metaspace       used 79193K, committed 79808K, reserved 1179648K
  class space    used 10831K, committed 11136K, reserved 1048576K
}
Event: 23.798 GC heap after
{Heap after GC invocations=27 (full 0):
 garbage-first heap   total 120832K, used 45555K [0x0000000081800000, 0x0000000100000000)
  region size 1024K, 4 young (4096K), 4 survivors (4096K)
 Metaspace       used 79193K, committed 79808K, reserved 1179648K
  class space    used 10831K, committed 11136K, reserved 1048576K
}
Event: 25.269 GC heap before
{Heap before GC invocations=27 (full 0):
 garbage-first heap   total 120832K, used 98803K [0x0000000081800000, 0x0000000100000000)
  region size 1024K, 56 young (57344K), 4 survivors (4096K)
 Metaspace       used 79904K, committed 80448K, reserved 1179648K
  class space    used 10967K, committed 11264K, reserved 1048576K
}
Event: 25.284 GC heap after
{Heap after GC invocations=28 (full 0):
 garbage-first heap   total 120832K, used 47199K [0x0000000081800000, 0x0000000100000000)
  region size 1024K, 6 young (6144K), 6 survivors (6144K)
 Metaspace       used 79904K, committed 80448K, reserved 1179648K
  class space    used 10967K, committed 11264K, reserved 1048576K
}
Event: 26.504 GC heap before
{Heap before GC invocations=28 (full 0):
 garbage-first heap   total 120832K, used 99423K [0x0000000081800000, 0x0000000100000000)
  region size 1024K, 57 young (58368K), 6 survivors (6144K)
 Metaspace       used 81025K, committed 81600K, reserved 1179648K
  class space    used 11155K, committed 11456K, reserved 1048576K
}
Event: 26.525 GC heap after
{Heap after GC invocations=29 (full 0):
 garbage-first heap   total 120832K, used 49124K [0x0000000081800000, 0x0000000100000000)
  region size 1024K, 6 young (6144K), 6 survivors (6144K)
 Metaspace       used 81025K, committed 81600K, reserved 1179648K
  class space    used 11155K, committed 11456K, reserved 1048576K
}
Event: 27.868 GC heap before
{Heap before GC invocations=29 (full 0):
 garbage-first heap   total 120832K, used 100324K [0x0000000081800000, 0x0000000100000000)
  region size 1024K, 56 young (57344K), 6 survivors (6144K)
 Metaspace       used 81711K, committed 82240K, reserved 1179648K
  class space    used 11262K, committed 11520K, reserved 1048576K
}
Event: 27.888 GC heap after
{Heap after GC invocations=30 (full 0):
 garbage-first heap   total 120832K, used 50775K [0x0000000081800000, 0x0000000100000000)
  region size 1024K, 4 young (4096K), 4 survivors (4096K)
 Metaspace       used 81711K, committed 82240K, reserved 1179648K
  class space    used 11262K, committed 11520K, reserved 1048576K
}
Event: 29.813 GC heap before
{Heap before GC invocations=30 (full 0):
 garbage-first heap   total 120832K, used 100951K [0x0000000081800000, 0x0000000100000000)
  region size 1024K, 53 young (54272K), 4 survivors (4096K)
 Metaspace       used 87067K, committed 87680K, reserved 1179648K
  class space    used 12074K, committed 12352K, reserved 1048576K
}

Dll operation events (9 events):
Event: 0.034 Loaded shared library C:\Users\Parag\3D Objects\sts-4.19.1.RELEASE\plugins\org.eclipse.justj.openjdk.hotspot.jre.full.win32.x86_64_17.0.7.v20230425-1502\jre\bin\java.dll
Event: 0.713 Loaded shared library C:\Users\Parag\3D Objects\sts-4.19.1.RELEASE\plugins\org.eclipse.justj.openjdk.hotspot.jre.full.win32.x86_64_17.0.7.v20230425-1502\jre\bin\jimage.dll
Event: 0.755 Loaded shared library C:\Users\Parag\3D Objects\sts-4.19.1.RELEASE\plugins\org.eclipse.justj.openjdk.hotspot.jre.full.win32.x86_64_17.0.7.v20230425-1502\jre\bin\net.dll
Event: 0.760 Loaded shared library C:\Users\Parag\3D Objects\sts-4.19.1.RELEASE\plugins\org.eclipse.justj.openjdk.hotspot.jre.full.win32.x86_64_17.0.7.v20230425-1502\jre\bin\nio.dll
Event: 0.774 Loaded shared library C:\Users\Parag\3D Objects\sts-4.19.1.RELEASE\plugins\org.eclipse.justj.openjdk.hotspot.jre.full.win32.x86_64_17.0.7.v20230425-1502\jre\bin\zip.dll
Event: 1.046 Loaded shared library C:\Users\Parag\3D Objects\sts-4.19.1.RELEASE\plugins\org.eclipse.justj.openjdk.hotspot.jre.full.win32.x86_64_17.0.7.v20230425-1502\jre\bin\management.dll
Event: 1.087 Loaded shared library C:\Users\Parag\3D Objects\sts-4.19.1.RELEASE\plugins\org.eclipse.justj.openjdk.hotspot.jre.full.win32.x86_64_17.0.7.v20230425-1502\jre\bin\management_ext.dll
Event: 4.834 Loaded shared library C:\Users\Parag\3D Objects\sts-4.19.1.RELEASE\plugins\org.eclipse.justj.openjdk.hotspot.jre.full.win32.x86_64_17.0.7.v20230425-1502\jre\bin\sunmscapi.dll
Event: 14.786 Loaded shared library C:\Users\Parag\3D Objects\sts-4.19.1.RELEASE\plugins\org.eclipse.justj.openjdk.hotspot.jre.full.win32.x86_64_17.0.7.v20230425-1502\jre\bin\verify.dll

Deoptimization events (18 events):
Event: 4.337 Thread 0x000002267f222110 DEOPT PACKING pc=0x0000022674467999 sp=0x0000008cebffc800
Event: 4.337 Thread 0x000002267f222110 DEOPT UNPACKING pc=0x0000022673f27143 sp=0x0000008cebffbce0 mode 3
Event: 4.689 Thread 0x000002267f222110 DEOPT PACKING pc=0x00000226744a2855 sp=0x0000008cebffd6c0
Event: 4.689 Thread 0x000002267f222110 DEOPT UNPACKING pc=0x0000022673f27143 sp=0x0000008cebffcb68 mode 3
Event: 9.145 Thread 0x000002267f222110 DEOPT PACKING pc=0x0000022674727b99 sp=0x0000008cebffd2e0
Event: 9.145 Thread 0x000002267f222110 DEOPT UNPACKING pc=0x0000022673f27143 sp=0x0000008cebffc7c0 mode 3
Event: 10.384 Thread 0x000002267f222110 DEOPT PACKING pc=0x00000226747bb98a sp=0x0000008cebffd090
Event: 10.384 Thread 0x000002267f222110 DEOPT UNPACKING pc=0x0000022673f27143 sp=0x0000008cebffc628 mode 0
Event: 13.160 Thread 0x000002267f222110 DEOPT PACKING pc=0x0000022674773a4c sp=0x0000008cebffa330
Event: 13.160 Thread 0x000002267f222110 DEOPT UNPACKING pc=0x0000022673f27143 sp=0x0000008cebff97c8 mode 3
Event: 13.381 Thread 0x000002267f222110 DEOPT PACKING pc=0x0000022674887bfd sp=0x0000008cebffbc40
Event: 13.381 Thread 0x000002267f222110 DEOPT UNPACKING pc=0x0000022673f27143 sp=0x0000008cebffb1a8 mode 3
Event: 20.440 Thread 0x000002267f222110 DEOPT PACKING pc=0x0000022674478214 sp=0x0000008cebffc510
Event: 20.440 Thread 0x000002267f222110 DEOPT UNPACKING pc=0x0000022673f27143 sp=0x0000008cebffba68 mode 0
Event: 20.594 Thread 0x000002267f222110 DEOPT PACKING pc=0x000002267447cb52 sp=0x0000008cebffc5d0
Event: 20.594 Thread 0x000002267f222110 DEOPT UNPACKING pc=0x0000022673f27143 sp=0x0000008cebffbad8 mode 3
Event: 29.751 Thread 0x000002267f222110 DEOPT PACKING pc=0x0000022674b54b14 sp=0x0000008cebffc9d0
Event: 29.751 Thread 0x000002267f222110 DEOPT UNPACKING pc=0x0000022673f27143 sp=0x0000008cebffbe78 mode 0

Classes unloaded (0 events):
No events

Classes redefined (0 events):
No events

Internal exceptions (20 events):
Event: 22.510 Thread 0x000002267f222110 Exception <a 'java/lang/NoSuchMethodError'{0x0000000086187ce0}: 'void java.lang.invoke.DirectMethodHandle$Holder.invokeVirtual(java.lang.Object, java.lang.Object, long)'> (0x0000000086187ce0) 
thrown [s\src\hotspot\share\interpreter\linkResolver.cpp, line 759]
Event: 23.075 Thread 0x000002267f222110 Exception <a 'java/lang/NoSuchMethodError'{0x000000008727b040}: 'java.lang.Object java.lang.invoke.DirectMethodHandle$Holder.invokeStatic(java.lang.Object, long, java.lang.Object)'> (0x000000008727b040) 
thrown [s\src\hotspot\share\interpreter\linkResolver.cpp, line 759]
Event: 23.075 Thread 0x000002267f222110 Exception <a 'java/lang/NoSuchMethodError'{0x0000000087281500}: 'java.lang.Object java.lang.invoke.DirectMethodHandle$Holder.newInvokeSpecial(java.lang.Object, long)'> (0x0000000087281500) 
thrown [s\src\hotspot\share\interpreter\linkResolver.cpp, line 759]
Event: 23.078 Thread 0x000002267f222110 Exception <a 'java/lang/IncompatibleClassChangeError'{0x000000008728e270}: Found class java.lang.Object, but interface was expected> (0x000000008728e270) 
thrown [s\src\hotspot\share\interpreter\linkResolver.cpp, line 826]
Event: 23.540 Thread 0x000002267f222110 Exception <a 'java/lang/IncompatibleClassChangeError'{0x0000000085fa3070}: Found class java.lang.Object, but interface was expected> (0x0000000085fa3070) 
thrown [s\src\hotspot\share\interpreter\linkResolver.cpp, line 826]
Event: 23.956 Thread 0x000002267f222110 Exception <a 'java/lang/IncompatibleClassChangeError'{0x0000000088761270}: Found class java.lang.Object, but interface was expected> (0x0000000088761270) 
thrown [s\src\hotspot\share\interpreter\linkResolver.cpp, line 826]
Event: 24.128 Thread 0x000002267f222110 Exception <a 'java/lang/NoSuchMethodError'{0x000000008807f9b8}: 'java.lang.Object java.lang.invoke.DirectMethodHandle$Holder.newInvokeSpecial(java.lang.Object, java.lang.Object, java.lang.Object, java.lang.Object, java.lang.Object, java.lang.Object, java.lang.Object, java.lang.Object, java.lang.Object)'> (0x000000008807f9b8) 
thrown [s\src\hotspot\share\interpreter\linkResolver.cpp, line 759]
Event: 24.128 Thread 0x000002267f222110 Exception <a 'java/lang/NoSuchMethodError'{0x00000000880846d8}: 'java.lang.Object java.lang.invoke.Invokers$Holder.linkToTargetMethod(java.lang.Object, java.lang.Object, java.lang.Object, java.lang.Object, java.lang.Object, java.lang.Object, java.lang.Object, java.lang.Object, java.lang.Object)'> (0x00000000880846d8) 
thrown [s\src\hotspot\share\interpreter\linkResolver.cpp, line 759]
Event: 25.909 Thread 0x000002267f222110 Exception <a 'java/lang/NoSuchMethodError'{0x00000000873b3058}: 'int java.lang.invoke.DirectMethodHandle$Holder.invokeStatic(java.lang.Object, java.lang.Object, java.lang.Object, java.lang.Object, java.lang.Object)'> (0x00000000873b3058) 
thrown [s\src\hotspot\share\interpreter\linkResolver.cpp, line 759]
Event: 26.285 Thread 0x000002267f222110 Exception <a 'java/lang/NoSuchMethodError'{0x00000000863aa7e8}: 'double java.lang.invoke.DirectMethodHandle$Holder.invokeStatic(java.lang.Object, java.lang.Object)'> (0x00000000863aa7e8) 
thrown [s\src\hotspot\share\interpreter\linkResolver.cpp, line 759]
Event: 26.545 Thread 0x000002267e0cea10 Exception <a 'java/lang/NoSuchMethodError'{0x0000000089715a10}: 'long java.lang.invoke.DirectMethodHandle$Holder.invokeStatic(java.lang.Object, java.lang.Object, java.lang.Object)'> (0x0000000089715a10) 
thrown [s\src\hotspot\share\interpreter\linkResolver.cpp, line 759]
Event: 27.105 Thread 0x000002267f222110 Exception <a 'java/net/BindException'{0x00000000872eb1c8}: Address already in use: bind> (0x00000000872eb1c8) 
thrown [s\src\hotspot\share\prims\jni.cpp, line 535]
Event: 27.105 Thread 0x000002267f222110 Exception <a 'java/net/SocketException'{0x00000000872eb8b0}: Socket is not connected: shutdown> (0x00000000872eb8b0) 
thrown [s\src\hotspot\share\prims\jni.cpp, line 535]
Event: 28.181 Thread 0x000002267f222110 Exception <a 'java/lang/NoSuchMethodError'{0x00000000883f8160}: 'void java.lang.invoke.DirectMethodHandle$Holder.invokeStatic(java.lang.Object, java.lang.Object, double)'> (0x00000000883f8160) 
thrown [s\src\hotspot\share\interpreter\linkResolver.cpp, line 759]
Event: 28.200 Thread 0x000002267f222110 Exception <a 'java/lang/NoSuchMethodError'{0x000000008824e298}: 'double java.lang.invoke.DirectMethodHandle$Holder.invokeStatic(java.lang.Object, java.lang.Object, java.lang.Object)'> (0x000000008824e298) 
thrown [s\src\hotspot\share\interpreter\linkResolver.cpp, line 759]
Event: 28.260 Thread 0x000002267f222110 Exception <a 'java/lang/IncompatibleClassChangeError'{0x00000000881616f0}: Found class java.lang.Object, but interface was expected> (0x00000000881616f0) 
thrown [s\src\hotspot\share\interpreter\linkResolver.cpp, line 826]
Event: 28.338 Thread 0x000002267f222110 Exception <a 'java/lang/NoSuchMethodError'{0x00000000880987b8}: 'java.lang.Object java.lang.invoke.DirectMethodHandle$Holder.newInvokeSpecial(java.lang.Object, java.lang.Object, int, java.lang.Object, java.lang.Object)'> (0x00000000880987b8) 
thrown [s\src\hotspot\share\interpreter\linkResolver.cpp, line 759]
Event: 28.340 Thread 0x000002267f222110 Exception <a 'java/lang/NoSuchMethodError'{0x00000000880a3e30}: 'java.lang.Object java.lang.invoke.DirectMethodHandle$Holder.invokeSpecial(java.lang.Object, java.lang.Object, int, java.lang.Object, int, java.lang.Object)'> (0x00000000880a3e30) 
thrown [s\src\hotspot\share\interpreter\linkResolver.cpp, line 759]
Event: 28.341 Thread 0x000002267f222110 Exception <a 'java/lang/NoSuchMethodError'{0x00000000880abee0}: 'java.lang.Object java.lang.invoke.DirectMethodHandle$Holder.newInvokeSpecial(java.lang.Object, java.lang.Object, int, java.lang.Object, int)'> (0x00000000880abee0) 
thrown [s\src\hotspot\share\interpreter\linkResolver.cpp, line 759]
Event: 28.342 Thread 0x000002267f222110 Exception <a 'java/lang/NoSuchMethodError'{0x00000000880affe0}: 'java.lang.Object java.lang.invoke.DirectMethodHandle$Holder.invokeSpecial(java.lang.Object, java.lang.Object, java.lang.Object, int, java.lang.Object, int)'> (0x00000000880affe0) 
thrown [s\src\hotspot\share\interpreter\linkResolver.cpp, line 759]

VM Operations (20 events):
Event: 25.886 Executing VM operation: HandshakeAllThreads done
Event: 26.503 Executing VM operation: G1CollectForAllocation
Event: 26.525 Executing VM operation: G1CollectForAllocation done
Event: 27.526 Executing VM operation: Cleanup
Event: 27.526 Executing VM operation: Cleanup done
Event: 27.868 Executing VM operation: G1CollectForAllocation
Event: 27.888 Executing VM operation: G1CollectForAllocation done
Event: 28.207 Executing VM operation: HandshakeAllThreads
Event: 28.207 Executing VM operation: HandshakeAllThreads done
Event: 28.258 Executing VM operation: HandshakeAllThreads
Event: 28.258 Executing VM operation: HandshakeAllThreads done
Event: 28.334 Executing VM operation: HandshakeAllThreads
Event: 28.334 Executing VM operation: HandshakeAllThreads done
Event: 29.165 Executing VM operation: HandshakeAllThreads
Event: 29.165 Executing VM operation: HandshakeAllThreads done
Event: 29.165 Executing VM operation: Cleanup
Event: 29.166 Executing VM operation: Cleanup done
Event: 29.412 Executing VM operation: HandshakeAllThreads
Event: 29.412 Executing VM operation: HandshakeAllThreads done
Event: 29.812 Executing VM operation: G1CollectForAllocation

Events (20 events):
Event: 29.749 loading class java/util/stream/ReduceOps$6
Event: 29.749 loading class java/util/stream/ReduceOps$6 done
Event: 29.749 loading class java/util/stream/ReduceOps$5ReducingSink
Event: 29.749 loading class java/util/stream/ReduceOps$5ReducingSink done
Event: 29.749 loading class java/util/stream/ReferencePipeline$4$1
Event: 29.750 loading class java/util/stream/ReferencePipeline$4$1 done
Event: 29.807 loading class java/nio/channels/spi/SelectorProvider
Event: 29.807 loading class java/nio/channels/spi/SelectorProvider done
Event: 29.807 loading class java/nio/channels/spi/SelectorProvider$Holder
Event: 29.808 loading class java/nio/channels/spi/SelectorProvider$Holder done
Event: 29.809 loading class sun/nio/ch/DefaultSelectorProvider
Event: 29.809 loading class sun/nio/ch/DefaultSelectorProvider done
Event: 29.810 loading class sun/nio/ch/WEPollSelectorProvider
Event: 29.810 loading class sun/nio/ch/SelectorProviderImpl
Event: 29.810 loading class sun/nio/ch/SelectorProviderImpl done
Event: 29.810 loading class sun/nio/ch/WEPollSelectorProvider done
Event: 29.810 loading class sun/nio/ch/ServerSocketChannelImpl
Event: 29.812 loading class sun/nio/ch/SelChImpl
Event: 29.812 loading class sun/nio/ch/SelChImpl done
Event: 29.812 loading class sun/nio/ch/ServerSocketChannelImpl done


Dynamic libraries:
0x00007ff791680000 - 0x00007ff79168e000 	C:\Users\Parag\3D Objects\sts-4.19.1.RELEASE\plugins\org.eclipse.justj.openjdk.hotspot.jre.full.win32.x86_64_17.0.7.v20230425-1502\jre\bin\javaw.exe
0x00007ff9ca8b0000 - 0x00007ff9caaa8000 	C:\Windows\SYSTEM32\ntdll.dll
0x00007ff9ca580000 - 0x00007ff9ca63d000 	C:\Windows\System32\KERNEL32.DLL
0x00007ff9c7f70000 - 0x00007ff9c8266000 	C:\Windows\System32\KERNELBASE.dll
0x00007ff9c83d0000 - 0x00007ff9c84d0000 	C:\Windows\System32\ucrtbase.dll
0x00007ff9af2c0000 - 0x00007ff9af2d7000 	C:\Users\Parag\3D Objects\sts-4.19.1.RELEASE\plugins\org.eclipse.justj.openjdk.hotspot.jre.full.win32.x86_64_17.0.7.v20230425-1502\jre\bin\jli.dll
0x00007ff9c8b00000 - 0x00007ff9c8c9f000 	C:\Windows\System32\USER32.dll
0x00007ff9c8270000 - 0x00007ff9c8292000 	C:\Windows\System32\win32u.dll
0x00007ff9c9590000 - 0x00007ff9c95bb000 	C:\Windows\System32\GDI32.dll
0x00007ff9c8670000 - 0x00007ff9c8787000 	C:\Windows\System32\gdi32full.dll
0x00007ff9c82a0000 - 0x00007ff9c833d000 	C:\Windows\System32\msvcp_win.dll
0x00007ff9af2a0000 - 0x00007ff9af2b9000 	C:\Users\Parag\3D Objects\sts-4.19.1.RELEASE\plugins\org.eclipse.justj.openjdk.hotspot.jre.full.win32.x86_64_17.0.7.v20230425-1502\jre\bin\VCRUNTIME140.dll
0x00007ff9b8dc0000 - 0x00007ff9b905a000 	C:\Windows\WinSxS\amd64_microsoft.windows.common-controls_6595b64144ccf1df_6.0.19041.4355_none_60b8b9eb71f62e16\COMCTL32.dll
0x00007ff9ca7d0000 - 0x00007ff9ca86e000 	C:\Windows\System32\msvcrt.dll
0x00007ff9c93a0000 - 0x00007ff9c93cf000 	C:\Windows\System32\IMM32.DLL
0x00007ff9be1c0000 - 0x00007ff9be1cc000 	C:\Users\Parag\3D Objects\sts-4.19.1.RELEASE\plugins\org.eclipse.justj.openjdk.hotspot.jre.full.win32.x86_64_17.0.7.v20230425-1502\jre\bin\vcruntime140_1.dll
0x00007ff97e3b0000 - 0x00007ff97e441000 	C:\Users\Parag\3D Objects\sts-4.19.1.RELEASE\plugins\org.eclipse.justj.openjdk.hotspot.jre.full.win32.x86_64_17.0.7.v20230425-1502\jre\bin\msvcp140.dll
0x00007ff954520000 - 0x00007ff955168000 	C:\Users\Parag\3D Objects\sts-4.19.1.RELEASE\plugins\org.eclipse.justj.openjdk.hotspot.jre.full.win32.x86_64_17.0.7.v20230425-1502\jre\bin\server\jvm.dll
0x00007ff9c92f0000 - 0x00007ff9c93a0000 	C:\Windows\System32\ADVAPI32.dll
0x00007ff9c89d0000 - 0x00007ff9c8a70000 	C:\Windows\System32\sechost.dll
0x00007ff9ca6a0000 - 0x00007ff9ca7c3000 	C:\Windows\System32\RPCRT4.dll
0x00007ff9c84d0000 - 0x00007ff9c84f7000 	C:\Windows\System32\bcrypt.dll
0x00007ff9c3260000 - 0x00007ff9c3269000 	C:\Windows\SYSTEM32\WSOCK32.dll
0x00007ff9c9510000 - 0x00007ff9c957b000 	C:\Windows\System32\WS2_32.dll
0x00007ff9bb850000 - 0x00007ff9bb877000 	C:\Windows\SYSTEM32\WINMM.dll
0x00007ff9bbb70000 - 0x00007ff9bbb7a000 	C:\Windows\SYSTEM32\VERSION.dll
0x00007ff9c5db0000 - 0x00007ff9c5dc2000 	C:\Windows\SYSTEM32\kernel.appcore.dll
0x00007ff9c2240000 - 0x00007ff9c224a000 	C:\Users\Parag\3D Objects\sts-4.19.1.RELEASE\plugins\org.eclipse.justj.openjdk.hotspot.jre.full.win32.x86_64_17.0.7.v20230425-1502\jre\bin\jimage.dll
0x00007ff9b1970000 - 0x00007ff9b1b54000 	C:\Windows\SYSTEM32\DBGHELP.DLL
0x00007ff9b1930000 - 0x00007ff9b1964000 	C:\Windows\SYSTEM32\dbgcore.DLL
0x00007ff9c8340000 - 0x00007ff9c83c2000 	C:\Windows\System32\bcryptPrimitives.dll
0x00007ff9af230000 - 0x00007ff9af255000 	C:\Users\Parag\3D Objects\sts-4.19.1.RELEASE\plugins\org.eclipse.justj.openjdk.hotspot.jre.full.win32.x86_64_17.0.7.v20230425-1502\jre\bin\java.dll
0x00007ff9af470000 - 0x00007ff9af488000 	C:\Users\Parag\3D Objects\sts-4.19.1.RELEASE\plugins\org.eclipse.justj.openjdk.hotspot.jre.full.win32.x86_64_17.0.7.v20230425-1502\jre\bin\zip.dll
0x00007ff9c9e10000 - 0x00007ff9ca57c000 	C:\Windows\System32\SHELL32.dll
0x00007ff9c5fb0000 - 0x00007ff9c674d000 	C:\Windows\SYSTEM32\windows.storage.dll
0x00007ff9c8f80000 - 0x00007ff9c92d3000 	C:\Windows\System32\combase.dll
0x00007ff9c78b0000 - 0x00007ff9c78de000 	C:\Windows\SYSTEM32\Wldp.dll
0x00007ff9c95c0000 - 0x00007ff9c968d000 	C:\Windows\System32\OLEAUT32.dll
0x00007ff9c9d60000 - 0x00007ff9c9e0d000 	C:\Windows\System32\SHCORE.dll
0x00007ff9c9d00000 - 0x00007ff9c9d55000 	C:\Windows\System32\shlwapi.dll
0x00007ff9c7ea0000 - 0x00007ff9c7ec4000 	C:\Windows\SYSTEM32\profapi.dll
0x00007ff9af210000 - 0x00007ff9af229000 	C:\Users\Parag\3D Objects\sts-4.19.1.RELEASE\plugins\org.eclipse.justj.openjdk.hotspot.jre.full.win32.x86_64_17.0.7.v20230425-1502\jre\bin\net.dll
0x00007ff9c16a0000 - 0x00007ff9c17aa000 	C:\Windows\SYSTEM32\WINHTTP.dll
0x00007ff9c7690000 - 0x00007ff9c76fa000 	C:\Windows\system32\mswsock.dll
0x00007ff9af1f0000 - 0x00007ff9af205000 	C:\Users\Parag\3D Objects\sts-4.19.1.RELEASE\plugins\org.eclipse.justj.openjdk.hotspot.jre.full.win32.x86_64_17.0.7.v20230425-1502\jre\bin\nio.dll
0x00007ff9b71a0000 - 0x00007ff9b71a9000 	C:\Users\Parag\3D Objects\sts-4.19.1.RELEASE\plugins\org.eclipse.justj.openjdk.hotspot.jre.full.win32.x86_64_17.0.7.v20230425-1502\jre\bin\management.dll
0x00007ff9b64c0000 - 0x00007ff9b64cb000 	C:\Users\Parag\3D Objects\sts-4.19.1.RELEASE\plugins\org.eclipse.justj.openjdk.hotspot.jre.full.win32.x86_64_17.0.7.v20230425-1502\jre\bin\management_ext.dll
0x00007ff9c93d0000 - 0x00007ff9c93d8000 	C:\Windows\System32\PSAPI.DLL
0x00007ff9ae770000 - 0x00007ff9ae787000 	C:\Windows\system32\napinsp.dll
0x00007ff9ae750000 - 0x00007ff9ae76b000 	C:\Windows\system32\pnrpnsp.dll
0x00007ff9ae730000 - 0x00007ff9ae745000 	C:\Windows\system32\wshbth.dll
0x00007ff9c1fc0000 - 0x00007ff9c1fdd000 	C:\Windows\system32\NLAapi.dll
0x00007ff9c7340000 - 0x00007ff9c737b000 	C:\Windows\SYSTEM32\IPHLPAPI.DLL
0x00007ff9c7390000 - 0x00007ff9c745a000 	C:\Windows\SYSTEM32\DNSAPI.dll
0x00007ff9c92e0000 - 0x00007ff9c92e8000 	C:\Windows\System32\NSI.dll
0x00007ff9ae710000 - 0x00007ff9ae722000 	C:\Windows\System32\winrnr.dll
0x00007ff9b66f0000 - 0x00007ff9b66fa000 	C:\Windows\System32\rasadhlp.dll
0x00007ff9b6f30000 - 0x00007ff9b6fb0000 	C:\Windows\System32\fwpuclnt.dll
0x00007ff9c78f0000 - 0x00007ff9c7908000 	C:\Windows\SYSTEM32\CRYPTSP.dll
0x00007ff9c6f60000 - 0x00007ff9c6f94000 	C:\Windows\system32\rsaenh.dll
0x00007ff9c7e50000 - 0x00007ff9c7e7e000 	C:\Windows\SYSTEM32\USERENV.dll
0x00007ff9c7820000 - 0x00007ff9c782c000 	C:\Windows\SYSTEM32\CRYPTBASE.dll
0x00007ff9be200000 - 0x00007ff9be217000 	C:\Windows\SYSTEM32\dhcpcsvc6.DLL
0x00007ff9bf2d0000 - 0x00007ff9bf2ed000 	C:\Windows\SYSTEM32\dhcpcsvc.DLL
0x00007ff9c19f0000 - 0x00007ff9c19fe000 	C:\Users\Parag\3D Objects\sts-4.19.1.RELEASE\plugins\org.eclipse.justj.openjdk.hotspot.jre.full.win32.x86_64_17.0.7.v20230425-1502\jre\bin\sunmscapi.dll
0x00007ff9c8790000 - 0x00007ff9c88ee000 	C:\Windows\System32\CRYPT32.dll
0x00007ff9c7a00000 - 0x00007ff9c7a29000 	C:\Windows\SYSTEM32\ncrypt.dll
0x00007ff9c79c0000 - 0x00007ff9c79fb000 	C:\Windows\SYSTEM32\NTASN1.dll
0x00007ff9c3280000 - 0x00007ff9c3290000 	C:\Users\Parag\3D Objects\sts-4.19.1.RELEASE\plugins\org.eclipse.justj.openjdk.hotspot.jre.full.win32.x86_64_17.0.7.v20230425-1502\jre\bin\verify.dll

dbghelp: loaded successfully - version: 4.0.5 - missing functions: none
symbol engine: initialized successfully - sym options: 0x614 - pdb path: .;C:\Users\Parag\3D Objects\sts-4.19.1.RELEASE\plugins\org.eclipse.justj.openjdk.hotspot.jre.full.win32.x86_64_17.0.7.v20230425-1502\jre\bin;C:\Windows\SYSTEM32;C:\Windows\WinSxS\amd64_microsoft.windows.common-controls_6595b64144ccf1df_6.0.19041.4355_none_60b8b9eb71f62e16;C:\Users\Parag\3D Objects\sts-4.19.1.RELEASE\plugins\org.eclipse.justj.openjdk.hotspot.jre.full.win32.x86_64_17.0.7.v20230425-1502\jre\bin\server

VM Arguments:
jvm_args: -Dcom.sun.management.jmxremote -Dcom.sun.management.jmxremote.port=55277 -Dcom.sun.management.jmxremote.authenticate=false -Dcom.sun.management.jmxremote.ssl=false -Djava.rmi.server.hostname=localhost -Dspring.jmx.enabled=true -Dmanagement.endpoints.jmx.exposure.include=* -Dspring.application.admin.enabled=true -XX:TieredStopAtLevel=1 -Dspring.boot.project.name=UberUsers -Dfile.encoding=UTF-8 -XX:+ShowCodeDetailsInExceptionMessages 
java_command: com.example.demo1.UberUsersApplication --spring.output.ansi.enabled=always
java_class_path (initial): D:\Parag\spring-tool-workspace\UberUsers\target\classes;C:\Users\Parag\.m2\repository\org\springframework\boot\spring-boot-starter-data-jpa\3.3.0\spring-boot-starter-data-jpa-3.3.0.jar;C:\Users\Parag\.m2\repository\org\springframework\boot\spring-boot-starter-jdbc\3.3.0\spring-boot-starter-jdbc-3.3.0.jar;C:\Users\Parag\.m2\repository\com\zaxxer\HikariCP\5.1.0\HikariCP-5.1.0.jar;C:\Users\Parag\.m2\repository\org\springframework\spring-jdbc\6.1.8\spring-jdbc-6.1.8.jar;C:\Users\Parag\.m2\repository\org\hibernate\orm\hibernate-core\6.5.2.Final\hibernate-core-6.5.2.Final.jar;C:\Users\Parag\.m2\repository\jakarta\persistence\jakarta.persistence-api\3.1.0\jakarta.persistence-api-3.1.0.jar;C:\Users\Parag\.m2\repository\jakarta\transaction\jakarta.transaction-api\2.0.1\jakarta.transaction-api-2.0.1.jar;C:\Users\Parag\.m2\repository\org\jboss\logging\jboss-logging\3.5.3.Final\jboss-logging-3.5.3.Final.jar;C:\Users\Parag\.m2\repository\org\hibernate\common\hibernate-commons-annotations\6.0.6.Final\hibernate-commons-annotations-6.0.6.Final.jar;C:\Users\Parag\.m2\repository\io\smallrye\jandex\3.1.2\jandex-3.1.2.jar;C:\Users\Parag\.m2\repository\com\fasterxml\classmate\1.7.0\classmate-1.7.0.jar;C:\Users\Parag\.m2\repository\net\bytebuddy\byte-buddy\1.14.16\byte-buddy-1.14.16.jar;C:\Users\Parag\.m2\repository\org\glassfish\jaxb\jaxb-runtime\4.0.5\jaxb-runtime-4.0.5.jar;C:\Users\Parag\.m2\repository\org\glassfish\jaxb\jaxb-core\4.0.5\jaxb-core-4.0.5.jar;C:\Users\Parag\.m2\repository\org\eclipse\angus\angus-activation\2.0.2\angus-activation-2.0.2.jar;C:\Users\Parag\.m2\repository\org\glassfish\jaxb\txw2\4.0.5\txw2-4.0.5.jar;C:\Users\Parag\.m2\repository\com\sun\istack\istack-commons-runtime\4.1.2\istack-commons-runtime-4.1.2.jar;C:\Users\Parag\.m2\repository\jakarta\inject\jakarta.inject-api\2.0.1\jakarta.inject-api-2.0.1.jar;C:\Users\Parag\.m2\repository\org\antlr\antlr4-runtime\4.13.0\antlr4-runtime-4.13.0.jar;C:\Users\Parag\.m2\repository\org\springfr
Launcher Type: SUN_STANDARD

[Global flags]
     intx CICompilerCount                          = 3                                         {product} {ergonomic}
     uint ConcGCThreads                            = 1                                         {product} {ergonomic}
     uint G1ConcRefinementThreads                  = 4                                         {product} {ergonomic}
   size_t G1HeapRegionSize                         = 1048576                                   {product} {ergonomic}
    uintx GCDrainStackTargetSize                   = 64                                        {product} {ergonomic}
   size_t InitialHeapSize                          = 134217728                                 {product} {ergonomic}
     bool ManagementServer                         = true                                      {product} {command line}
   size_t MarkStackSize                            = 4194304                                   {product} {ergonomic}
   size_t MaxHeapSize                              = 2122317824                                {product} {ergonomic}
   size_t MaxNewSize                               = 1272971264                                {product} {ergonomic}
   size_t MinHeapDeltaBytes                        = 1048576                                   {product} {ergonomic}
   size_t MinHeapSize                              = 8388608                                   {product} {ergonomic}
    uintx NonProfiledCodeHeapSize                  = 0                                      {pd product} {ergonomic}
     bool ProfileInterpreter                       = false                                  {pd product} {command line}
    uintx ProfiledCodeHeapSize                     = 0                                      {pd product} {ergonomic}
     bool ShowCodeDetailsInExceptionMessages       = true                                   {manageable} {command line}
   size_t SoftMaxHeapSize                          = 2122317824                             {manageable} {ergonomic}
     intx TieredStopAtLevel                        = 1                                         {product} {command line}
     bool UseCompressedClassPointers               = true                           {product lp64_product} {ergonomic}
     bool UseCompressedOops                        = true                           {product lp64_product} {ergonomic}
     bool UseG1GC                                  = true                                      {product} {ergonomic}
     bool UseLargePagesIndividualAllocation        = false                                  {pd product} {ergonomic}

Logging:
Log output configuration:
 #0: stdout all=warning uptime,level,tags
 #1: stderr all=off uptime,level,tags

Environment Variables:
JAVA_HOME=C:\Program Files\Java\jdk1.8.0_202
PATH=C:/Users/Parag/3D Objects/sts-4.19.1.RELEASE//plugins/org.eclipse.justj.openjdk.hotspot.jre.full.win32.x86_64_17.0.7.v20230425-1502/jre/bin/server;C:/Users/Parag/3D Objects/sts-4.19.1.RELEASE//plugins/org.eclipse.justj.openjdk.hotspot.jre.full.win32.x86_64_17.0.7.v20230425-1502/jre/bin;C:\Program Files\Common Files\Oracle\Java\javapath;C:\Program Files (x86)\Common Files\Oracle\Java\javapath;C:\Windows\system32;C:\Windows;C:\Windows\System32\Wbem;C:\Windows\System32\WindowsPowerShell\v1.0\;C:\Windows\System32\OpenSSH\;C:\Program Files\Java\jdk1.8.0_202\bin;D:\Parag\Software\apache-maven-3.9.7\bin;C:\Program Files\dotnet\;D:\Parag\Software\node-v18.17.0-win-x64\node-v18.17.0-win-x64;C:\Program Files\Git\cmd;C:\Users\Parag\3D Objects\sts-4.19.1.RELEASE;
USERNAME=Parag
OS=Windows_NT
PROCESSOR_IDENTIFIER=Intel64 Family 6 Model 69 Stepping 1, GenuineIntel
TMP=C:\Users\Parag\AppData\Local\Temp
TEMP=C:\Users\Parag\AppData\Local\Temp



---------------  S Y S T E M  ---------------

OS:
 Windows 10 , 64 bit Build 19041 (10.0.19041.3636)
OS uptime: 0 days 4:04 hours
Hyper-V role detected

CPU: total 4 (initial active 4) (2 cores per cpu, 2 threads per core) family 6 model 69 stepping 1 microcode 0x25, cx8, cmov, fxsr, ht, mmx, sse, sse2, sse3, ssse3, sse4.1, sse4.2, popcnt, lzcnt, tsc, tscinvbit, avx, avx2, aes, erms, clmul, bmi1, bmi2, fma, vzeroupper, clflush, hv

Memory: 4k page, system-wide physical 8095M (1165M free)
TotalPageFile size 10143M (AvailPageFile size 14M)
current process WorkingSet (physical memory assigned to process): 296M, peak: 296M
current process commit charge ("private bytes"): 322M, peak: 332M

vm_info: OpenJDK 64-Bit Server VM (17.0.7+7) for windows-amd64 JRE (17.0.7+7), built on Apr 18 2023 22:10:42 by "temurin" with MS VC++ 16.7 (VS2019)

END.
