#
# There is insufficient memory for the Java Runtime Environment to continue.
# Native memory allocation (mmap) failed to map 65536 bytes for Failed to commit metaspace.
# Possible reasons:
#   The system is out of physical RAM or swap space
#   The process is running with CompressedOops enabled, and the Java Heap may be blocking the growth of the native heap
# Possible solutions:
#   Reduce memory load on the system
#   Increase physical memory or swap space
#   Check if swap backing store is full
#   Decrease Java heap size (-Xmx/-Xms)
#   Decrease number of Java threads
#   Decrease Java thread stack sizes (-Xss)
#   Set larger code cache with -XX:ReservedCodeCacheSize=
#   JVM is running with Unscaled Compressed Oops mode in which the Java heap is
#     placed in the first 4GB address space. The Java Heap base address is the
#     maximum limit for the native heap growth. Please use -XX:HeapBaseMinAddress
#     to set the Java Heap base and to place the Java Heap above 4GB virtual address.
# This output file may be truncated or incomplete.
#
#  Out of Memory Error (virtualSpaceNode.cpp:110), pid=19316, tid=15204
#
# JRE version: OpenJDK Runtime Environment Temurin-17.0.7+7 (17.0.7+7) (build 17.0.7+7)
# Java VM: OpenJDK 64-Bit Server VM Temurin-17.0.7+7 (17.0.7+7, mixed mode, emulated-client, tiered, compressed oops, compressed class ptrs, g1 gc, windows-amd64)
# No core dump will be written. Minidumps are not enabled by default on client versions of Windows
#

---------------  S U M M A R Y ------------

Command Line: -Dcom.sun.management.jmxremote -Dcom.sun.management.jmxremote.port=51923 -Dcom.sun.management.jmxremote.authenticate=false -Dcom.sun.management.jmxremote.ssl=false -Djava.rmi.server.hostname=localhost -Dspring.jmx.enabled=true -Dmanagement.endpoints.jmx.exposure.include=* -Dspring.application.admin.enabled=true -XX:TieredStopAtLevel=1 -Dspring.boot.project.name=Service_Registry -Dfile.encoding=UTF-8 -XX:+ShowCodeDetailsInExceptionMessages com.example.demo1.ServiceRegistryApplication --spring.output.ansi.enabled=always

Host: Intel(R) Core(TM) i3-4005U CPU @ 1.70GHz, 4 cores, 7G,  Windows 10 , 64 bit Build 19041 (10.0.19041.3636)
Time: Sat Jun 15 00:50:39 2024 India Standard Time elapsed time: 14.097703 seconds (0d 0h 0m 14s)

---------------  T H R E A D  ---------------

Current thread (0x0000019e6fd51b40):  JavaThread "restartedMain" [_thread_in_vm, id=15204, stack(0x0000007339000000,0x0000007339100000)]

Stack: [0x0000007339000000,0x0000007339100000]
Native frames: (J=compiled Java code, j=interpreted, Vv=VM code, C=native code)
V  [jvm.dll+0x67754a]
V  [jvm.dll+0x834304]
V  [jvm.dll+0x835aae]
V  [jvm.dll+0x836113]
V  [jvm.dll+0x24696f]
V  [jvm.dll+0x83039b]
V  [jvm.dll+0x61c006]
V  [jvm.dll+0x1c169e]
V  [jvm.dll+0x61e961]
V  [jvm.dll+0x61c9a6]
V  [jvm.dll+0x23c350]
V  [jvm.dll+0x1ebe5d]
V  [jvm.dll+0x1e1891]
V  [jvm.dll+0x53ea50]
V  [jvm.dll+0x7afc28]
V  [jvm.dll+0x7afd14]
V  [jvm.dll+0x40de05]
V  [jvm.dll+0x413f58]
C  [java.dll+0x17ec]

Java frames: (J=compiled Java code, j=interpreted, Vv=VM code)
J 1255  java.lang.ClassLoader.defineClass1(Ljava/lang/ClassLoader;Ljava/lang/String;[BIILjava/security/ProtectionDomain;Ljava/lang/String;)Ljava/lang/Class; java.base@17.0.7 (0 bytes) @ 0x0000019e60d6325b [0x0000019e60d631a0+0x00000000000000bb]
J 1287 c1 java.lang.ClassLoader.defineClass(Ljava/lang/String;[BIILjava/security/ProtectionDomain;)Ljava/lang/Class; java.base@17.0.7 (43 bytes) @ 0x0000019e60d7145c [0x0000019e60d71360+0x00000000000000fc]
J 1292 c1 jdk.internal.loader.BuiltinClassLoader.defineClass(Ljava/lang/String;Ljdk/internal/loader/Resource;)Ljava/lang/Class; java.base@17.0.7 (121 bytes) @ 0x0000019e60d74f44 [0x0000019e60d74aa0+0x00000000000004a4]
J 1291 c1 jdk.internal.loader.BuiltinClassLoader.findClassOnClassPathOrNull(Ljava/lang/String;)Ljava/lang/Class; java.base@17.0.7 (64 bytes) @ 0x0000019e60d73bc4 [0x0000019e60d73920+0x00000000000002a4]
J 998 c1 jdk.internal.loader.BuiltinClassLoader.loadClassOrNull(Ljava/lang/String;Z)Ljava/lang/Class; java.base@17.0.7 (143 bytes) @ 0x0000019e60cf7a44 [0x0000019e60cf7600+0x0000000000000444]
J 1209 c1 jdk.internal.loader.ClassLoaders$AppClassLoader.loadClass(Ljava/lang/String;Z)Ljava/lang/Class; java.base@17.0.7 (40 bytes) @ 0x0000019e60d521a4 [0x0000019e60d52060+0x0000000000000144]
J 1205 c1 java.lang.ClassLoader.loadClass(Ljava/lang/String;)Ljava/lang/Class; java.base@17.0.7 (7 bytes) @ 0x0000019e60d50f64 [0x0000019e60d50f20+0x0000000000000044]
v  ~StubRoutines::call_stub
j  org.glassfish.jersey.server.ApplicationHandler.<init>(Ljakarta/ws/rs/core/Application;Lorg/glassfish/jersey/internal/inject/Binder;Ljava/lang/Object;)V+14
j  org.glassfish.jersey.servlet.WebComponent.<init>(Lorg/glassfish/jersey/servlet/WebConfig;Lorg/glassfish/jersey/server/ResourceConfig;)V+176
j  org.glassfish.jersey.servlet.ServletContainer.init(Lorg/glassfish/jersey/servlet/WebConfig;)V+10
j  org.glassfish.jersey.servlet.ServletContainer.init(Ljakarta/servlet/FilterConfig;)V+14
j  org.apache.catalina.core.ApplicationFilterConfig.initFilter()V+99
j  org.apache.catalina.core.ApplicationFilterConfig.<init>(Lorg/apache/catalina/Context;Lorg/apache/tomcat/util/descriptor/web/FilterDef;)V+67
j  org.apache.catalina.core.StandardContext.filterStart()Z+132
j  org.apache.catalina.core.StandardContext.startInternal()V+1184
j  org.apache.catalina.util.LifecycleBase.start()V+210
j  org.apache.catalina.core.ContainerBase$StartChild.call()Ljava/lang/Void;+4
j  org.apache.catalina.core.ContainerBase$StartChild.call()Ljava/lang/Object;+1
j  java.util.concurrent.FutureTask.run()V+39 java.base@17.0.7
j  org.apache.tomcat.util.threads.InlineExecutorService.execute(Ljava/lang/Runnable;)V+38
j  java.util.concurrent.AbstractExecutorService.submit(Ljava/util/concurrent/Callable;)Ljava/util/concurrent/Future;+20 java.base@17.0.7
j  org.apache.catalina.core.ContainerBase.startInternal()V+116
j  org.apache.catalina.core.StandardHost.startInternal()V+179
j  org.apache.catalina.util.LifecycleBase.start()V+210
j  org.apache.catalina.core.ContainerBase$StartChild.call()Ljava/lang/Void;+4
j  org.apache.catalina.core.ContainerBase$StartChild.call()Ljava/lang/Object;+1
j  java.util.concurrent.FutureTask.run()V+39 java.base@17.0.7
j  org.apache.tomcat.util.threads.InlineExecutorService.execute(Ljava/lang/Runnable;)V+38
j  java.util.concurrent.AbstractExecutorService.submit(Ljava/util/concurrent/Callable;)Ljava/util/concurrent/Future;+20 java.base@17.0.7
j  org.apache.catalina.core.ContainerBase.startInternal()V+116
j  org.apache.catalina.core.StandardEngine.startInternal()V+38
j  org.apache.catalina.util.LifecycleBase.start()V+210
j  org.apache.catalina.core.StandardService.startInternal()V+57
j  org.apache.catalina.util.LifecycleBase.start()V+210
j  org.apache.catalina.core.StandardServer.startInternal()V+84
j  org.apache.catalina.util.LifecycleBase.start()V+210
j  org.apache.catalina.startup.Tomcat.start()V+9
j  org.springframework.boot.web.embedded.tomcat.TomcatWebServer.initialize()V+55
j  org.springframework.boot.web.embedded.tomcat.TomcatWebServer.<init>(Lorg/apache/catalina/startup/Tomcat;ZLorg/springframework/boot/web/server/Shutdown;)V+66
j  org.springframework.boot.web.embedded.tomcat.TomcatServletWebServerFactory.getTomcatWebServer(Lorg/apache/catalina/startup/Tomcat;)Lorg/springframework/boot/web/embedded/tomcat/TomcatWebServer;+21
j  org.springframework.boot.web.embedded.tomcat.TomcatServletWebServerFactory.getWebServer([Lorg/springframework/boot/web/servlet/ServletContextInitializer;)Lorg/springframework/boot/web/server/WebServer;+226
j  org.springframework.boot.web.servlet.context.ServletWebServerApplicationContext.createWebServer()V+67
j  org.springframework.boot.web.servlet.context.ServletWebServerApplicationContext.onRefresh()V+5
j  org.springframework.context.support.AbstractApplicationContext.refresh()V+85
j  org.springframework.boot.web.servlet.context.ServletWebServerApplicationContext.refresh()V+1
j  org.springframework.boot.SpringApplication.refresh(Lorg/springframework/context/ConfigurableApplicationContext;)V+1
j  org.springframework.boot.SpringApplication.refreshContext(Lorg/springframework/context/ConfigurableApplicationContext;)V+16
j  org.springframework.boot.SpringApplication.run([Ljava/lang/String;)Lorg/springframework/context/ConfigurableApplicationContext;+110
j  org.springframework.boot.SpringApplication.run([Ljava/lang/Class;[Ljava/lang/String;)Lorg/springframework/context/ConfigurableApplicationContext;+9
j  org.springframework.boot.SpringApplication.run(Ljava/lang/Class;[Ljava/lang/String;)Lorg/springframework/context/ConfigurableApplicationContext;+9
j  com.example.demo1.ServiceRegistryApplication.main([Ljava/lang/String;)V+3
v  ~StubRoutines::call_stub
j  jdk.internal.reflect.NativeMethodAccessorImpl.invoke0(Ljava/lang/reflect/Method;Ljava/lang/Object;[Ljava/lang/Object;)Ljava/lang/Object;+0 java.base@17.0.7
j  jdk.internal.reflect.NativeMethodAccessorImpl.invoke(Ljava/lang/Object;[Ljava/lang/Object;)Ljava/lang/Object;+133 java.base@17.0.7
j  jdk.internal.reflect.DelegatingMethodAccessorImpl.invoke(Ljava/lang/Object;[Ljava/lang/Object;)Ljava/lang/Object;+6 java.base@17.0.7
j  java.lang.reflect.Method.invoke(Ljava/lang/Object;[Ljava/lang/Object;)Ljava/lang/Object;+59 java.base@17.0.7
j  org.springframework.boot.devtools.restart.RestartLauncher.run()V+47
v  ~StubRoutines::call_stub

---------------  P R O C E S S  ---------------

Threads class SMR info:
_java_thread_list=0x0000019e702c63f0, length=22, elements={
0x0000019e5d3563b0, 0x0000019e6a924ca0, 0x0000019e6a926440, 0x0000019e6a940030,
0x0000019e6a942cc0, 0x0000019e6a943840, 0x0000019e6a945270, 0x0000019e6a945b30,
0x0000019e6a9b4350, 0x0000019e6a8bd580, 0x0000019e6ab36800, 0x0000019e6f524020,
0x0000019e6f537200, 0x0000019e6f5376d0, 0x0000019e6f542b50, 0x0000019e6f77f2c0,
0x0000019e6fc3cb90, 0x0000019e6fc39530, 0x0000019e6fc37920, 0x0000019e6fd50cd0,
0x0000019e6fd51b40, 0x0000019e6ffe2070
}

Java Threads: ( => current thread )
  0x0000019e5d3563b0 JavaThread "main" [_thread_blocked, id=17820, stack(0x0000007337000000,0x0000007337100000)]
  0x0000019e6a924ca0 JavaThread "Reference Handler" daemon [_thread_blocked, id=2240, stack(0x0000007337700000,0x0000007337800000)]
  0x0000019e6a926440 JavaThread "Finalizer" daemon [_thread_blocked, id=19228, stack(0x0000007337800000,0x0000007337900000)]
  0x0000019e6a940030 JavaThread "Signal Dispatcher" daemon [_thread_blocked, id=9080, stack(0x0000007337a00000,0x0000007337b00000)]
  0x0000019e6a942cc0 JavaThread "Attach Listener" daemon [_thread_blocked, id=13628, stack(0x0000007337b00000,0x0000007337c00000)]
  0x0000019e6a943840 JavaThread "Service Thread" daemon [_thread_blocked, id=19304, stack(0x0000007337c00000,0x0000007337d00000)]
  0x0000019e6a945270 JavaThread "Monitor Deflation Thread" daemon [_thread_blocked, id=13760, stack(0x0000007337d00000,0x0000007337e00000)]
  0x0000019e6a945b30 JavaThread "C1 CompilerThread0" daemon [_thread_blocked, id=2396, stack(0x0000007337e00000,0x0000007337f00000)]
  0x0000019e6a9b4350 JavaThread "Sweeper thread" daemon [_thread_blocked, id=10344, stack(0x0000007337f00000,0x0000007338000000)]
  0x0000019e6a8bd580 JavaThread "Common-Cleaner" daemon [_thread_blocked, id=17400, stack(0x0000007338000000,0x0000007338100000)]
  0x0000019e6ab36800 JavaThread "Notification Thread" daemon [_thread_blocked, id=15780, stack(0x0000007338100000,0x0000007338200000)]
  0x0000019e6f524020 JavaThread "C1 CompilerThread1" daemon [_thread_blocked, id=17284, stack(0x0000007338200000,0x0000007338300000)]
  0x0000019e6f537200 JavaThread "RMI TCP Accept-0" daemon [_thread_in_native, id=19076, stack(0x0000007338300000,0x0000007338400000)]
  0x0000019e6f5376d0 JavaThread "RMI TCP Accept-51923" daemon [_thread_in_native, id=14992, stack(0x0000007338400000,0x0000007338500000)]
  0x0000019e6f542b50 JavaThread "RMI TCP Accept-0" daemon [_thread_in_native, id=16104, stack(0x0000007338900000,0x0000007338a00000)]
  0x0000019e6f77f2c0 JavaThread "RMI TCP Connection(1)-127.0.0.1" daemon [_thread_in_native, id=3280, stack(0x0000007338b00000,0x0000007338c00000)]
  0x0000019e6fc3cb90 JavaThread "RMI Scheduler(0)" daemon [_thread_blocked, id=19132, stack(0x0000007338c00000,0x0000007338d00000)]
  0x0000019e6fc39530 JavaThread "RMI TCP Connection(2)-127.0.0.1" daemon [_thread_in_native, id=15116, stack(0x0000007338d00000,0x0000007338e00000)]
  0x0000019e6fc37920 JavaThread "JMX server connection timeout 21" daemon [_thread_blocked, id=18296, stack(0x0000007338e00000,0x0000007338f00000)]
  0x0000019e6fd50cd0 JavaThread "Thread-0" [_thread_blocked, id=3612, stack(0x0000007338f00000,0x0000007339000000)]
=>0x0000019e6fd51b40 JavaThread "restartedMain" [_thread_in_vm, id=15204, stack(0x0000007339000000,0x0000007339100000)]
  0x0000019e6ffe2070 JavaThread "C1 CompilerThread2" daemon [_thread_blocked, id=11052, stack(0x0000007339200000,0x0000007339300000)]

Other Threads:
  0x0000019e6a91d4c0 VMThread "VM Thread" [stack: 0x0000007337600000,0x0000007337700000] [id=19120]
  0x0000019e6f543020 WatcherThread [stack: 0x0000007338a00000,0x0000007338b00000] [id=9100]
  0x0000019e5d3b13a0 GCTaskThread "GC Thread#0" [stack: 0x0000007337100000,0x0000007337200000] [id=10868]
  0x0000019e6f4d0340 GCTaskThread "GC Thread#1" [stack: 0x0000007338500000,0x0000007338600000] [id=10512]
  0x0000019e6f4d05f0 GCTaskThread "GC Thread#2" [stack: 0x0000007338600000,0x0000007338700000] [id=7812]
  0x0000019e6f54a430 GCTaskThread "GC Thread#3" [stack: 0x0000007338700000,0x0000007338800000] [id=15384]
  0x0000019e5d3c1ef0 ConcurrentGCThread "G1 Main Marker" [stack: 0x0000007337200000,0x0000007337300000] [id=16700]
  0x0000019e5d3c2810 ConcurrentGCThread "G1 Conc#0" [stack: 0x0000007337300000,0x0000007337400000] [id=15624]
  0x0000019e5d407f30 ConcurrentGCThread "G1 Refine#0" [stack: 0x0000007337400000,0x0000007337500000] [id=4504]
  0x0000019e6f54a6e0 ConcurrentGCThread "G1 Refine#1" [stack: 0x0000007338800000,0x0000007338900000] [id=17636]
  0x0000019e5d408860 ConcurrentGCThread "G1 Service" [stack: 0x0000007337500000,0x0000007337600000] [id=13456]

Threads with active compile tasks:

VM state: not at safepoint (normal execution)

VM Mutex/Monitor currently owned by a thread:  ([mutex/lock_event])
[0x0000019e5d34ec40] Metaspace_lock - owner thread: 0x0000019e6fd51b40

Heap address: 0x0000000081800000, size: 2024 MB, Compressed Oops mode: 32-bit

CDS archive(s) not mapped
Compressed class space mapped at: 0x0000000100000000-0x0000000140000000, reserved size: 1073741824
Narrow klass base: 0x0000000000000000, Narrow klass shift: 3, Narrow klass range: 0x140000000

GC Precious Log:
 CPUs: 4 total, 4 available
 Memory: 8095M
 Large Page Support: Disabled
 NUMA Support: Disabled
 Compressed Oops: Enabled (32-bit)
 Heap Region Size: 1M
 Heap Min Capacity: 8M
 Heap Initial Capacity: 128M
 Heap Max Capacity: 2024M
 Pre-touch: Disabled
 Parallel Workers: 4
 Concurrent Workers: 1
 Concurrent Refinement Workers: 4
 Periodic GC: Disabled

Heap:
 garbage-first heap   total 75776K, used 26115K [0x0000000081800000, 0x0000000100000000)
  region size 1024K, 4 young (4096K), 2 survivors (2048K)
 Metaspace       used 41959K, committed 42432K, reserved 1114112K
  class space    used 5330K, committed 5568K, reserved 1048576K

Heap Regions: E=young(eden), S=young(survivor), O=old, HS=humongous(starts), HC=humongous(continues), CS=collection set, F=free, OA=open archive, CA=closed archive, TAMS=top-at-mark-start (previous, next)
|   0|0x0000000081800000, 0x0000000081900000, 0x0000000081900000|100%|HS|  |TAMS 0x0000000081900000, 0x0000000081800000| Complete 
|   1|0x0000000081900000, 0x0000000081a00000, 0x0000000081a00000|100%| O|  |TAMS 0x0000000081a00000, 0x0000000081900000| Untracked 
|   2|0x0000000081a00000, 0x0000000081b00000, 0x0000000081b00000|100%| O|  |TAMS 0x0000000081b00000, 0x0000000081a00000| Untracked 
|   3|0x0000000081b00000, 0x0000000081c00000, 0x0000000081c00000|100%| O|  |TAMS 0x0000000081c00000, 0x0000000081b00000| Untracked 
|   4|0x0000000081c00000, 0x0000000081d00000, 0x0000000081d00000|100%| O|  |TAMS 0x0000000081d00000, 0x0000000081c00000| Untracked 
|   5|0x0000000081d00000, 0x0000000081e00000, 0x0000000081e00000|100%| O|  |TAMS 0x0000000081e00000, 0x0000000081d00000| Untracked 
|   6|0x0000000081e00000, 0x0000000081f00000, 0x0000000081f00000|100%| O|  |TAMS 0x0000000081f00000, 0x0000000081e00000| Untracked 
|   7|0x0000000081f00000, 0x0000000082000000, 0x0000000082000000|100%| O|  |TAMS 0x0000000081f00000, 0x0000000081f00000| Untracked 
|   8|0x0000000082000000, 0x0000000082100000, 0x0000000082100000|100%| O|  |TAMS 0x0000000082100000, 0x0000000082000000| Untracked 
|   9|0x0000000082100000, 0x0000000082200000, 0x0000000082200000|100%| O|  |TAMS 0x0000000082200000, 0x0000000082100000| Untracked 
|  10|0x0000000082200000, 0x0000000082300000, 0x0000000082300000|100%| O|  |TAMS 0x0000000082300000, 0x0000000082200000| Untracked 
|  11|0x0000000082300000, 0x0000000082400000, 0x0000000082400000|100%| O|  |TAMS 0x0000000082400000, 0x0000000082300000| Untracked 
|  12|0x0000000082400000, 0x0000000082500000, 0x0000000082500000|100%| O|  |TAMS 0x0000000082450800, 0x0000000082400000| Untracked 
|  13|0x0000000082500000, 0x0000000082500000, 0x0000000082600000|  0%| F|  |TAMS 0x0000000082500000, 0x0000000082500000| Untracked 
|  14|0x0000000082600000, 0x0000000082700000, 0x0000000082700000|100%| O|  |TAMS 0x0000000082600000, 0x0000000082600000| Untracked 
|  15|0x0000000082700000, 0x0000000082800000, 0x0000000082800000|100%| O|  |TAMS 0x0000000082700000, 0x0000000082700000| Untracked 
|  16|0x0000000082800000, 0x0000000082900000, 0x0000000082900000|100%| O|  |TAMS 0x0000000082800000, 0x0000000082800000| Untracked 
|  17|0x0000000082900000, 0x0000000082a00000, 0x0000000082a00000|100%| O|  |TAMS 0x0000000082900000, 0x0000000082900000| Untracked 
|  18|0x0000000082a00000, 0x0000000082b00000, 0x0000000082b00000|100%| O|  |TAMS 0x0000000082a00000, 0x0000000082a00000| Untracked 
|  19|0x0000000082b00000, 0x0000000082bd8400, 0x0000000082c00000| 84%| O|  |TAMS 0x0000000082b00000, 0x0000000082b00000| Untracked 
|  20|0x0000000082c00000, 0x0000000082d00000, 0x0000000082d00000|100%| O|  |TAMS 0x0000000082c00000, 0x0000000082c00000| Untracked 
|  21|0x0000000082d00000, 0x0000000082e00000, 0x0000000082e00000|100%| O|  |TAMS 0x0000000082d00000, 0x0000000082d00000| Untracked 
|  22|0x0000000082e00000, 0x0000000082f00000, 0x0000000082f00000|100%| O|  |TAMS 0x0000000082e00000, 0x0000000082e00000| Untracked 
|  23|0x0000000082f00000, 0x0000000083000000, 0x0000000083000000|100%| O|  |TAMS 0x0000000082f00000, 0x0000000082f00000| Untracked 
|  24|0x0000000083000000, 0x0000000083000000, 0x0000000083100000|  0%| F|  |TAMS 0x0000000083000000, 0x0000000083000000| Untracked 
|  25|0x0000000083100000, 0x0000000083100000, 0x0000000083200000|  0%| F|  |TAMS 0x0000000083100000, 0x0000000083100000| Untracked 
|  26|0x0000000083200000, 0x0000000083200000, 0x0000000083300000|  0%| F|  |TAMS 0x0000000083200000, 0x0000000083200000| Untracked 
|  27|0x0000000083300000, 0x0000000083300000, 0x0000000083400000|  0%| F|  |TAMS 0x0000000083300000, 0x0000000083300000| Untracked 
|  28|0x0000000083400000, 0x0000000083400000, 0x0000000083500000|  0%| F|  |TAMS 0x0000000083400000, 0x0000000083400000| Untracked 
|  29|0x0000000083500000, 0x0000000083500000, 0x0000000083600000|  0%| F|  |TAMS 0x0000000083500000, 0x0000000083500000| Untracked 
|  30|0x0000000083600000, 0x0000000083600000, 0x0000000083700000|  0%| F|  |TAMS 0x0000000083600000, 0x0000000083600000| Untracked 
|  31|0x0000000083700000, 0x0000000083700000, 0x0000000083800000|  0%| F|  |TAMS 0x0000000083700000, 0x0000000083700000| Untracked 
|  32|0x0000000083800000, 0x0000000083800000, 0x0000000083900000|  0%| F|  |TAMS 0x0000000083800000, 0x0000000083800000| Untracked 
|  33|0x0000000083900000, 0x0000000083900000, 0x0000000083a00000|  0%| F|  |TAMS 0x0000000083900000, 0x0000000083900000| Untracked 
|  34|0x0000000083a00000, 0x0000000083a00000, 0x0000000083b00000|  0%| F|  |TAMS 0x0000000083a00000, 0x0000000083a00000| Untracked 
|  35|0x0000000083b00000, 0x0000000083b00000, 0x0000000083c00000|  0%| F|  |TAMS 0x0000000083b00000, 0x0000000083b00000| Untracked 
|  36|0x0000000083c00000, 0x0000000083c00000, 0x0000000083d00000|  0%| F|  |TAMS 0x0000000083c00000, 0x0000000083c00000| Untracked 
|  37|0x0000000083d00000, 0x0000000083d00000, 0x0000000083e00000|  0%| F|  |TAMS 0x0000000083d00000, 0x0000000083d00000| Untracked 
|  38|0x0000000083e00000, 0x0000000083e00000, 0x0000000083f00000|  0%| F|  |TAMS 0x0000000083e00000, 0x0000000083e00000| Untracked 
|  39|0x0000000083f00000, 0x0000000083f00000, 0x0000000084000000|  0%| F|  |TAMS 0x0000000083f00000, 0x0000000083f00000| Untracked 
|  40|0x0000000084000000, 0x00000000840a88a0, 0x0000000084100000| 65%| S|CS|TAMS 0x0000000084000000, 0x0000000084000000| Complete 
|  41|0x0000000084100000, 0x0000000084200000, 0x0000000084200000|100%| S|CS|TAMS 0x0000000084100000, 0x0000000084100000| Complete 
|  42|0x0000000084200000, 0x0000000084200000, 0x0000000084300000|  0%| F|  |TAMS 0x0000000084200000, 0x0000000084200000| Untracked 
|  43|0x0000000084300000, 0x0000000084300000, 0x0000000084400000|  0%| F|  |TAMS 0x0000000084300000, 0x0000000084300000| Untracked 
|  44|0x0000000084400000, 0x0000000084400000, 0x0000000084500000|  0%| F|  |TAMS 0x0000000084400000, 0x0000000084400000| Untracked 
|  45|0x0000000084500000, 0x0000000084500000, 0x0000000084600000|  0%| F|  |TAMS 0x0000000084500000, 0x0000000084500000| Untracked 
|  46|0x0000000084600000, 0x0000000084600000, 0x0000000084700000|  0%| F|  |TAMS 0x0000000084600000, 0x0000000084600000| Untracked 
|  47|0x0000000084700000, 0x0000000084700000, 0x0000000084800000|  0%| F|  |TAMS 0x0000000084700000, 0x0000000084700000| Untracked 
|  48|0x0000000084800000, 0x0000000084800000, 0x0000000084900000|  0%| F|  |TAMS 0x0000000084800000, 0x0000000084800000| Untracked 
|  49|0x0000000084900000, 0x0000000084900000, 0x0000000084a00000|  0%| F|  |TAMS 0x0000000084900000, 0x0000000084900000| Untracked 
|  50|0x0000000084a00000, 0x0000000084a00000, 0x0000000084b00000|  0%| F|  |TAMS 0x0000000084a00000, 0x0000000084a00000| Untracked 
|  51|0x0000000084b00000, 0x0000000084b00000, 0x0000000084c00000|  0%| F|  |TAMS 0x0000000084b00000, 0x0000000084b00000| Untracked 
|  52|0x0000000084c00000, 0x0000000084c00000, 0x0000000084d00000|  0%| F|  |TAMS 0x0000000084c00000, 0x0000000084c00000| Untracked 
|  53|0x0000000084d00000, 0x0000000084d00000, 0x0000000084e00000|  0%| F|  |TAMS 0x0000000084d00000, 0x0000000084d00000| Untracked 
|  54|0x0000000084e00000, 0x0000000084e00000, 0x0000000084f00000|  0%| F|  |TAMS 0x0000000084e00000, 0x0000000084e00000| Untracked 
|  55|0x0000000084f00000, 0x0000000084f00000, 0x0000000085000000|  0%| F|  |TAMS 0x0000000084f00000, 0x0000000084f00000| Untracked 
|  56|0x0000000085000000, 0x0000000085000000, 0x0000000085100000|  0%| F|  |TAMS 0x0000000085000000, 0x0000000085000000| Untracked 
|  57|0x0000000085100000, 0x0000000085100000, 0x0000000085200000|  0%| F|  |TAMS 0x0000000085100000, 0x0000000085100000| Untracked 
|  58|0x0000000085200000, 0x0000000085200000, 0x0000000085300000|  0%| F|  |TAMS 0x0000000085200000, 0x0000000085200000| Untracked 
|  59|0x0000000085300000, 0x0000000085300000, 0x0000000085400000|  0%| F|  |TAMS 0x0000000085300000, 0x0000000085300000| Untracked 
|  60|0x0000000085400000, 0x0000000085400000, 0x0000000085500000|  0%| F|  |TAMS 0x0000000085400000, 0x0000000085400000| Untracked 
|  61|0x0000000085500000, 0x0000000085500000, 0x0000000085600000|  0%| F|  |TAMS 0x0000000085500000, 0x0000000085500000| Untracked 
|  62|0x0000000085600000, 0x0000000085600000, 0x0000000085700000|  0%| F|  |TAMS 0x0000000085600000, 0x0000000085600000| Untracked 
|  63|0x0000000085700000, 0x0000000085700000, 0x0000000085800000|  0%| F|  |TAMS 0x0000000085700000, 0x0000000085700000| Untracked 
|  64|0x0000000085800000, 0x0000000085800000, 0x0000000085900000|  0%| F|  |TAMS 0x0000000085800000, 0x0000000085800000| Untracked 
|  65|0x0000000085900000, 0x0000000085900000, 0x0000000085a00000|  0%| F|  |TAMS 0x0000000085900000, 0x0000000085900000| Untracked 
|  66|0x0000000085a00000, 0x0000000085a00000, 0x0000000085b00000|  0%| F|  |TAMS 0x0000000085a00000, 0x0000000085a00000| Untracked 
|  67|0x0000000085b00000, 0x0000000085b00000, 0x0000000085c00000|  0%| F|  |TAMS 0x0000000085b00000, 0x0000000085b00000| Untracked 
|  68|0x0000000085c00000, 0x0000000085c00000, 0x0000000085d00000|  0%| F|  |TAMS 0x0000000085c00000, 0x0000000085c00000| Untracked 
|  69|0x0000000085d00000, 0x0000000085d00000, 0x0000000085e00000|  0%| F|  |TAMS 0x0000000085d00000, 0x0000000085d00000| Untracked 
|  70|0x0000000085e00000, 0x0000000085e00000, 0x0000000085f00000|  0%| F|  |TAMS 0x0000000085e00000, 0x0000000085e00000| Untracked 
|  71|0x0000000085f00000, 0x0000000085f00000, 0x0000000086000000|  0%| F|  |TAMS 0x0000000085f00000, 0x0000000085f00000| Untracked 
| 126|0x0000000089600000, 0x00000000896869d8, 0x0000000089700000| 52%| E|  |TAMS 0x0000000089600000, 0x0000000089600000| Complete 
| 127|0x0000000089700000, 0x0000000089800000, 0x0000000089800000|100%| E|CS|TAMS 0x0000000089700000, 0x0000000089700000| Complete 

Card table byte_map: [0x0000019e63e00000,0x0000019e64200000] _byte_map_base: 0x0000019e639f4000

Marking Bits (Prev, Next): (CMBitMap*) 0x0000019e5d3b18c0, (CMBitMap*) 0x0000019e5d3b1900
 Prev Bits: [0x0000019e64600000, 0x0000019e665a0000)
 Next Bits: [0x0000019e665a0000, 0x0000019e68540000)

Polling page: 0x0000019e5b490000

Metaspace:

Usage:
  Non-class:     35.77 MB used.
      Class:      5.21 MB used.
       Both:     40.98 MB used.

Virtual space:
  Non-class space:       64.00 MB reserved,      36.00 MB ( 56%) committed,  1 nodes.
      Class space:        1.00 GB reserved,       5.44 MB ( <1%) committed,  1 nodes.
             Both:        1.06 GB reserved,      41.44 MB (  4%) committed. 

Chunk freelists:
   Non-Class:  11.67 MB
       Class:  10.61 MB
        Both:  22.28 MB

MaxMetaspaceSize: unlimited
CompressedClassSpaceSize: 1.00 GB
Initial GC threshold: 21.00 MB
Current GC threshold: 59.62 MB
CDS: off
MetaspaceReclaimPolicy: balanced
 - commit_granule_bytes: 65536.
 - commit_granule_words: 8192.
 - virtual_space_node_default_size: 8388608.
 - enlarge_chunks_in_place: 1.
 - new_chunks_are_fully_committed: 0.
 - uncommit_free_chunks: 1.
 - use_allocation_guard: 0.
 - handle_deallocations: 1.


Internal statistics:

num_allocs_failed_limit: 8.
num_arena_births: 654.
num_arena_deaths: 0.
num_vsnodes_births: 2.
num_vsnodes_deaths: 0.
num_space_committed: 663.
num_space_uncommitted: 0.
num_chunks_returned_to_freelist: 8.
num_chunks_taken_from_freelist: 1875.
num_chunk_merges: 8.
num_chunk_splits: 1247.
num_chunks_enlarged: 865.
num_inconsistent_stats: 0.

CodeCache: size=49152Kb used=9325Kb max_used=9325Kb free=39826Kb
 bounds [0x0000019e60a00000, 0x0000019e61320000, 0x0000019e63a00000]
 total_blobs=4954 nmethods=4414 adapters=465
 compilation: enabled
              stopped_count=0, restarted_count=0
 full_count=0

Compilation events (20 events):
Event: 14.007 Thread 0x0000019e6ffe2070 4406       1       java.lang.invoke.MethodHandles$Lookup$ClassFile::newInstanceNoCheck (11 bytes)
Event: 14.007 Thread 0x0000019e6ffe2070 nmethod 4406 0x0000019e61315110 code [0x0000019e613152a0, 0x0000019e61315438]
Event: 14.007 Thread 0x0000019e6a945b30 nmethod 4405 0x0000019e61315510 code [0x0000019e613156c0, 0x0000019e613158c8]
Event: 14.007 Thread 0x0000019e6ffe2070 4407       1       java.lang.invoke.InvokerBytecodeGenerator::classDataValues (265 bytes)
Event: 14.007 Thread 0x0000019e6f524020 nmethod 4399 0x0000019e61315990 code [0x0000019e61315d00, 0x0000019e61316678]
Event: 14.008 Thread 0x0000019e6f524020 4408       1       java.lang.invoke.MethodHandleNatives::classData (17 bytes)
Event: 14.008 Thread 0x0000019e6a945b30 4409       1       java.lang.System$2::classData (5 bytes)
Event: 14.008 Thread 0x0000019e6a945b30 nmethod 4409 0x0000019e61316d10 code [0x0000019e61316ea0, 0x0000019e61316f78]
Event: 14.008 Thread 0x0000019e6f524020 nmethod 4408 0x0000019e61317010 code [0x0000019e613171c0, 0x0000019e61317338]
Event: 14.008 Thread 0x0000019e6a945b30 4410   !   1       java.lang.invoke.InvokerBytecodeGenerator::resolveInvokerMember (43 bytes)
Event: 14.009 Thread 0x0000019e6a945b30 nmethod 4410 0x0000019e61317410 code [0x0000019e613175c0, 0x0000019e61317808]
Event: 14.009 Thread 0x0000019e6ffe2070 nmethod 4407 0x0000019e61317990 code [0x0000019e61317d20, 0x0000019e61319138]
Event: 14.009 Thread 0x0000019e6f524020 4411       1       java.lang.invoke.InvokerBytecodeGenerator::loadMethod (33 bytes)
Event: 14.010 Thread 0x0000019e6f524020 nmethod 4411 0x0000019e61319990 code [0x0000019e61319b60, 0x0000019e61319df8]
Event: 14.014 Thread 0x0000019e6a945b30 4412       1       java.lang.invoke.BoundMethodHandle::speciesDataFor (32 bytes)
Event: 14.014 Thread 0x0000019e6ffe2070 4413       1       java.lang.invoke.LambdaFormBuffer::endEdit (313 bytes)
Event: 14.014 Thread 0x0000019e6a945b30 nmethod 4412 0x0000019e6131a290 code [0x0000019e6131a440, 0x0000019e6131a5b8]
Event: 14.015 Thread 0x0000019e6a945b30 4414       1       java.lang.invoke.LambdaFormBuffer::insertExpression (30 bytes)
Event: 14.015 Thread 0x0000019e6ffe2070 nmethod 4413 0x0000019e6131a690 code [0x0000019e6131a8a0, 0x0000019e6131afb8]
Event: 14.015 Thread 0x0000019e6a945b30 nmethod 4414 0x0000019e6131b310 code [0x0000019e6131b4a0, 0x0000019e6131b588]

GC Heap History (20 events):
Event: 5.526 GC heap before
{Heap before GC invocations=2 (full 0):
 garbage-first heap   total 131072K, used 29173K [0x0000000081800000, 0x0000000100000000)
  region size 1024K, 21 young (21504K), 2 survivors (2048K)
 Metaspace       used 17900K, committed 18112K, reserved 1114112K
  class space    used 1967K, committed 2048K, reserved 1048576K
}
Event: 5.531 GC heap after
{Heap after GC invocations=3 (full 0):
 garbage-first heap   total 131072K, used 9294K [0x0000000081800000, 0x0000000100000000)
  region size 1024K, 2 young (2048K), 2 survivors (2048K)
 Metaspace       used 17900K, committed 18112K, reserved 1114112K
  class space    used 1967K, committed 2048K, reserved 1048576K
}
Event: 6.713 GC heap before
{Heap before GC invocations=3 (full 0):
 garbage-first heap   total 131072K, used 27726K [0x0000000081800000, 0x0000000100000000)
  region size 1024K, 21 young (21504K), 2 survivors (2048K)
 Metaspace       used 21297K, committed 21504K, reserved 1114112K
  class space    used 2525K, committed 2624K, reserved 1048576K
}
Event: 6.721 GC heap after
{Heap after GC invocations=4 (full 0):
 garbage-first heap   total 131072K, used 10636K [0x0000000081800000, 0x0000000100000000)
  region size 1024K, 4 young (4096K), 4 survivors (4096K)
 Metaspace       used 21297K, committed 21504K, reserved 1114112K
  class space    used 2525K, committed 2624K, reserved 1048576K
}
Event: 7.454 GC heap before
{Heap before GC invocations=5 (full 0):
 garbage-first heap   total 48128K, used 35212K [0x0000000081800000, 0x0000000100000000)
  region size 1024K, 28 young (28672K), 4 survivors (4096K)
 Metaspace       used 26744K, committed 27072K, reserved 1114112K
  class space    used 3185K, committed 3328K, reserved 1048576K
}
Event: 7.465 GC heap after
{Heap after GC invocations=6 (full 0):
 garbage-first heap   total 48128K, used 11710K [0x0000000081800000, 0x0000000100000000)
  region size 1024K, 4 young (4096K), 4 survivors (4096K)
 Metaspace       used 26744K, committed 27072K, reserved 1114112K
  class space    used 3185K, committed 3328K, reserved 1048576K
}
Event: 7.484 GC heap before
{Heap before GC invocations=6 (full 0):
 garbage-first heap   total 48128K, used 11710K [0x0000000081800000, 0x0000000100000000)
  region size 1024K, 5 young (5120K), 4 survivors (4096K)
 Metaspace       used 26935K, committed 27200K, reserved 1114112K
  class space    used 3216K, committed 3328K, reserved 1048576K
}
Event: 7.492 GC heap after
{Heap after GC invocations=7 (full 0):
 garbage-first heap   total 48128K, used 12177K [0x0000000081800000, 0x0000000100000000)
  region size 1024K, 1 young (1024K), 1 survivors (1024K)
 Metaspace       used 26935K, committed 27200K, reserved 1114112K
  class space    used 3216K, committed 3328K, reserved 1048576K
}
Event: 8.074 GC heap before
{Heap before GC invocations=7 (full 0):
 garbage-first heap   total 48128K, used 31633K [0x0000000081800000, 0x0000000100000000)
  region size 1024K, 21 young (21504K), 1 survivors (1024K)
 Metaspace       used 30157K, committed 30400K, reserved 1114112K
  class space    used 3598K, committed 3712K, reserved 1048576K
}
Event: 8.081 GC heap after
{Heap after GC invocations=8 (full 0):
 garbage-first heap   total 96256K, used 14055K [0x0000000081800000, 0x0000000100000000)
  region size 1024K, 3 young (3072K), 3 survivors (3072K)
 Metaspace       used 30157K, committed 30400K, reserved 1114112K
  class space    used 3598K, committed 3712K, reserved 1048576K
}
Event: 10.637 GC heap before
{Heap before GC invocations=8 (full 0):
 garbage-first heap   total 96256K, used 68327K [0x0000000081800000, 0x0000000100000000)
  region size 1024K, 56 young (57344K), 3 survivors (3072K)
 Metaspace       used 33190K, committed 33536K, reserved 1114112K
  class space    used 4101K, committed 4224K, reserved 1048576K
}
Event: 10.650 GC heap after
{Heap after GC invocations=9 (full 0):
 garbage-first heap   total 96256K, used 17298K [0x0000000081800000, 0x0000000100000000)
  region size 1024K, 6 young (6144K), 6 survivors (6144K)
 Metaspace       used 33190K, committed 33536K, reserved 1114112K
  class space    used 4101K, committed 4224K, reserved 1048576K
}
Event: 11.737 GC heap before
{Heap before GC invocations=9 (full 0):
 garbage-first heap   total 96256K, used 38802K [0x0000000081800000, 0x0000000100000000)
  region size 1024K, 28 young (28672K), 6 survivors (6144K)
 Metaspace       used 35987K, committed 36416K, reserved 1114112K
  class space    used 4528K, committed 4736K, reserved 1048576K
}
Event: 11.752 GC heap after
{Heap after GC invocations=10 (full 0):
 garbage-first heap   total 96256K, used 19048K [0x0000000081800000, 0x0000000100000000)
  region size 1024K, 6 young (6144K), 6 survivors (6144K)
 Metaspace       used 35987K, committed 36416K, reserved 1114112K
  class space    used 4528K, committed 4736K, reserved 1048576K
}
Event: 12.860 GC heap before
{Heap before GC invocations=11 (full 0):
 garbage-first heap   total 75776K, used 62056K [0x0000000081800000, 0x0000000100000000)
  region size 1024K, 43 young (44032K), 6 survivors (6144K)
 Metaspace       used 39628K, committed 40064K, reserved 1114112K
  class space    used 4973K, committed 5184K, reserved 1048576K
}
Event: 12.881 GC heap after
{Heap after GC invocations=12 (full 0):
 garbage-first heap   total 75776K, used 23246K [0x0000000081800000, 0x0000000100000000)
  region size 1024K, 6 young (6144K), 6 survivors (6144K)
 Metaspace       used 39628K, committed 40064K, reserved 1114112K
  class space    used 4973K, committed 5184K, reserved 1048576K
}
Event: 12.933 GC heap before
{Heap before GC invocations=12 (full 0):
 garbage-first heap   total 75776K, used 24270K [0x0000000081800000, 0x0000000100000000)
  region size 1024K, 7 young (7168K), 6 survivors (6144K)
 Metaspace       used 39723K, committed 40192K, reserved 1114112K
  class space    used 4987K, committed 5184K, reserved 1048576K
}
Event: 12.945 GC heap after
{Heap after GC invocations=13 (full 0):
 garbage-first heap   total 75776K, used 24417K [0x0000000081800000, 0x0000000100000000)
  region size 1024K, 1 young (1024K), 1 survivors (1024K)
 Metaspace       used 39723K, committed 40192K, reserved 1114112K
  class space    used 4987K, committed 5184K, reserved 1048576K
}
Event: 13.990 GC heap before
{Heap before GC invocations=13 (full 0):
 garbage-first heap   total 75776K, used 56161K [0x0000000081800000, 0x0000000100000000)
  region size 1024K, 32 young (32768K), 1 survivors (1024K)
 Metaspace       used 41743K, committed 42240K, reserved 1114112K
  class space    used 5293K, committed 5504K, reserved 1048576K
}
Event: 13.997 GC heap after
{Heap after GC invocations=14 (full 0):
 garbage-first heap   total 75776K, used 25091K [0x0000000081800000, 0x0000000100000000)
  region size 1024K, 2 young (2048K), 2 survivors (2048K)
 Metaspace       used 41743K, committed 42240K, reserved 1114112K
  class space    used 5293K, committed 5504K, reserved 1048576K
}

Dll operation events (9 events):
Event: 0.031 Loaded shared library C:\Users\Parag\3D Objects\sts-4.19.1.RELEASE\plugins\org.eclipse.justj.openjdk.hotspot.jre.full.win32.x86_64_17.0.7.v20230425-1502\jre\bin\java.dll
Event: 1.264 Loaded shared library C:\Users\Parag\3D Objects\sts-4.19.1.RELEASE\plugins\org.eclipse.justj.openjdk.hotspot.jre.full.win32.x86_64_17.0.7.v20230425-1502\jre\bin\jimage.dll
Event: 1.405 Loaded shared library C:\Users\Parag\3D Objects\sts-4.19.1.RELEASE\plugins\org.eclipse.justj.openjdk.hotspot.jre.full.win32.x86_64_17.0.7.v20230425-1502\jre\bin\net.dll
Event: 1.412 Loaded shared library C:\Users\Parag\3D Objects\sts-4.19.1.RELEASE\plugins\org.eclipse.justj.openjdk.hotspot.jre.full.win32.x86_64_17.0.7.v20230425-1502\jre\bin\nio.dll
Event: 1.481 Loaded shared library C:\Users\Parag\3D Objects\sts-4.19.1.RELEASE\plugins\org.eclipse.justj.openjdk.hotspot.jre.full.win32.x86_64_17.0.7.v20230425-1502\jre\bin\zip.dll
Event: 2.366 Loaded shared library C:\Users\Parag\3D Objects\sts-4.19.1.RELEASE\plugins\org.eclipse.justj.openjdk.hotspot.jre.full.win32.x86_64_17.0.7.v20230425-1502\jre\bin\management.dll
Event: 2.440 Loaded shared library C:\Users\Parag\3D Objects\sts-4.19.1.RELEASE\plugins\org.eclipse.justj.openjdk.hotspot.jre.full.win32.x86_64_17.0.7.v20230425-1502\jre\bin\management_ext.dll
Event: 7.871 Loaded shared library C:\Users\Parag\3D Objects\sts-4.19.1.RELEASE\plugins\org.eclipse.justj.openjdk.hotspot.jre.full.win32.x86_64_17.0.7.v20230425-1502\jre\bin\sunmscapi.dll
Event: 13.032 Loaded shared library C:\Users\Parag\3D Objects\sts-4.19.1.RELEASE\plugins\org.eclipse.justj.openjdk.hotspot.jre.full.win32.x86_64_17.0.7.v20230425-1502\jre\bin\verify.dll

Deoptimization events (6 events):
Event: 7.106 Thread 0x0000019e6fd51b40 DEOPT PACKING pc=0x0000019e60f7ff19 sp=0x00000073390fc670
Event: 7.106 Thread 0x0000019e6fd51b40 DEOPT UNPACKING pc=0x0000019e60a57143 sp=0x00000073390fbb50 mode 3
Event: 8.477 Thread 0x0000019e6fd51b40 DEOPT PACKING pc=0x0000019e6106e155 sp=0x00000073390fd850
Event: 8.477 Thread 0x0000019e6fd51b40 DEOPT UNPACKING pc=0x0000019e60a57143 sp=0x00000073390fccf8 mode 3
Event: 13.958 Thread 0x0000019e6fd51b40 DEOPT PACKING pc=0x0000019e6122e77d sp=0x00000073390fba90
Event: 13.958 Thread 0x0000019e6fd51b40 DEOPT UNPACKING pc=0x0000019e60a57143 sp=0x00000073390faff8 mode 3

Classes unloaded (0 events):
No events

Classes redefined (0 events):
No events

Internal exceptions (20 events):
Event: 11.734 Thread 0x0000019e6fd51b40 Exception <a 'java/lang/NoSuchMethodError'{0x0000000086050dd8}: 'java.lang.Object java.lang.invoke.Invokers$Holder.linkToTargetMethod(java.lang.Object, java.lang.Object, int, java.lang.Object)'> (0x0000000086050dd8) 
thrown [s\src\hotspot\share\interpreter\linkResolver.cpp, line 759]
Event: 11.963 Thread 0x0000019e6fc39530 Exception <a 'java/lang/reflect/InvocationTargetException'{0x00000000856872a8}> (0x00000000856872a8) 
thrown [s\src\hotspot\share\runtime\reflection.cpp, line 1121]
Event: 12.461 Thread 0x0000019e6fd51b40 Exception <a 'sun/nio/fs/WindowsException'{0x0000000083ffc920}> (0x0000000083ffc920) 
thrown [s\src\hotspot\share\prims\jni.cpp, line 516]
Event: 12.464 Thread 0x0000019e6fd51b40 Exception <a 'sun/nio/fs/WindowsException'{0x0000000083e02440}> (0x0000000083e02440) 
thrown [s\src\hotspot\share\prims\jni.cpp, line 516]
Event: 12.464 Thread 0x0000019e6fd51b40 Exception <a 'sun/nio/fs/WindowsException'{0x0000000083e02730}> (0x0000000083e02730) 
thrown [s\src\hotspot\share\prims\jni.cpp, line 516]
Event: 12.466 Thread 0x0000019e6fd51b40 Exception <a 'sun/nio/fs/WindowsException'{0x0000000083e037a8}> (0x0000000083e037a8) 
thrown [s\src\hotspot\share\prims\jni.cpp, line 516]
Event: 12.466 Thread 0x0000019e6fd51b40 Exception <a 'sun/nio/fs/WindowsException'{0x0000000083e03b00}> (0x0000000083e03b00) 
thrown [s\src\hotspot\share\prims\jni.cpp, line 516]
Event: 12.542 Thread 0x0000019e6fd51b40 Exception <a 'java/lang/NoSuchMethodError'{0x0000000083d46ad8}: 'java.lang.Object java.lang.invoke.DirectMethodHandle$Holder.invokeSpecial(java.lang.Object, java.lang.Object, long, java.lang.Object, java.lang.Object, java.lang.Object, java.lang.Object, java.lang.Object, java.lang.Object)'> (0x0000000083d46ad8) 
thrown [s\src\hotspot\share\interpreter\linkResolver.cpp, line 759]
Event: 12.542 Thread 0x0000019e6fd51b40 Exception <a 'java/lang/NoSuchMethodError'{0x0000000083d4b600}: 'java.lang.Object java.lang.invoke.DelegatingMethodHandle$Holder.reinvoke_L(java.lang.Object, long, java.lang.Object, java.lang.Object, java.lang.Object, java.lang.Object, java.lang.Object, java.lang.Object)'> (0x0000000083d4b600) 
thrown [s\src\hotspot\share\interpreter\linkResolver.cpp, line 759]
Event: 12.626 Thread 0x0000019e6fd51b40 Exception <a 'java/io/FileNotFoundException'{0x0000000083cb1130}> (0x0000000083cb1130) 
thrown [s\src\hotspot\share\prims\jni.cpp, line 516]
Event: 12.712 Thread 0x0000019e6fd51b40 Exception <a 'java/lang/NoSuchMethodError'{0x0000000083945048}: 'int java.lang.invoke.DirectMethodHandle$Holder.invokeInterface(java.lang.Object, java.lang.Object, java.lang.Object, java.lang.Object)'> (0x0000000083945048) 
thrown [s\src\hotspot\share\interpreter\linkResolver.cpp, line 759]
Event: 12.828 Thread 0x0000019e6fd51b40 Exception <a 'java/lang/NoSuchMethodError'{0x0000000083791320}: 'java.lang.Object java.lang.invoke.DirectMethodHandle$Holder.invokeStaticInit(java.lang.Object, java.lang.Object, java.lang.Object, java.lang.Object)'> (0x0000000083791320) 
thrown [s\src\hotspot\share\interpreter\linkResolver.cpp, line 759]
Event: 12.833 Thread 0x0000019e6fd51b40 Exception <a 'java/lang/IncompatibleClassChangeError'{0x00000000837a7038}: Found class java.lang.Object, but interface was expected> (0x00000000837a7038) 
thrown [s\src\hotspot\share\interpreter\linkResolver.cpp, line 826]
Event: 12.835 Thread 0x0000019e6fd51b40 Exception <a 'java/lang/IncompatibleClassChangeError'{0x00000000837b52f0}: Found class java.lang.Object, but interface was expected> (0x00000000837b52f0) 
thrown [s\src\hotspot\share\interpreter\linkResolver.cpp, line 826]
Event: 12.846 Thread 0x0000019e6fd51b40 Exception <a 'java/lang/IncompatibleClassChangeError'{0x00000000837e63e8}: Found class java.lang.Object, but interface was expected> (0x00000000837e63e8) 
thrown [s\src\hotspot\share\interpreter\linkResolver.cpp, line 826]
Event: 13.149 Thread 0x0000019e6fd51b40 Exception <a 'java/lang/NoSuchMethodError'{0x0000000085c10b90}: 'java.lang.Object java.lang.invoke.DirectMethodHandle$Holder.invokeStatic(java.lang.Object, java.lang.Object, int, java.lang.Object)'> (0x0000000085c10b90) 
thrown [s\src\hotspot\share\interpreter\linkResolver.cpp, line 759]
Event: 13.150 Thread 0x0000019e6fd51b40 Exception <a 'java/lang/NoSuchMethodError'{0x0000000085c17eb0}: 'java.lang.Object java.lang.invoke.DirectMethodHandle$Holder.newInvokeSpecial(java.lang.Object, java.lang.Object, int)'> (0x0000000085c17eb0) 
thrown [s\src\hotspot\share\interpreter\linkResolver.cpp, line 759]
Event: 13.566 Thread 0x0000019e6fd51b40 Exception <a 'java/lang/NoSuchMethodError'{0x0000000084ae8270}: 'java.lang.Object java.lang.invoke.DirectMethodHandle$Holder.newInvokeSpecial(java.lang.Object, java.lang.Object, java.lang.Object, int, java.lang.Object, java.lang.Object)'> (0x0000000084ae8270) 
thrown [s\src\hotspot\share\interpreter\linkResolver.cpp, line 759]
Event: 13.973 Thread 0x0000019e6fd51b40 Exception <a 'java/lang/NoSuchMethodError'{0x00000000842b7ce8}: 'long java.lang.invoke.DirectMethodHandle$Holder.invokeVirtual(java.lang.Object, java.lang.Object)'> (0x00000000842b7ce8) 
thrown [s\src\hotspot\share\interpreter\linkResolver.cpp, line 759]
Event: 13.985 Thread 0x0000019e6fd51b40 Exception <a 'java/io/FileNotFoundException'{0x00000000842ea5e0}> (0x00000000842ea5e0) 
thrown [s\src\hotspot\share\prims\jni.cpp, line 516]

VM Operations (20 events):
Event: 12.163 Executing VM operation: HandshakeAllThreads
Event: 12.163 Executing VM operation: HandshakeAllThreads done
Event: 12.233 Executing VM operation: HandshakeAllThreads
Event: 12.233 Executing VM operation: HandshakeAllThreads done
Event: 12.574 Executing VM operation: HandshakeAllThreads
Event: 12.574 Executing VM operation: HandshakeAllThreads done
Event: 12.859 Executing VM operation: G1CollectForAllocation
Event: 12.881 Executing VM operation: G1CollectForAllocation done
Event: 12.933 Executing VM operation: G1CollectForAllocation
Event: 12.945 Executing VM operation: G1CollectForAllocation done
Event: 13.048 Executing VM operation: HandshakeAllThreads
Event: 13.049 Executing VM operation: HandshakeAllThreads done
Event: 13.901 Executing VM operation: HandshakeAllThreads
Event: 13.901 Executing VM operation: HandshakeAllThreads done
Event: 13.902 Executing VM operation: HandshakeAllThreads
Event: 13.902 Executing VM operation: HandshakeAllThreads done
Event: 13.990 Executing VM operation: G1CollectForAllocation
Event: 13.997 Executing VM operation: G1CollectForAllocation done
Event: 14.001 Executing VM operation: HandshakeAllThreads
Event: 14.001 Executing VM operation: HandshakeAllThreads done

Events (20 events):
Event: 13.261 loading class sun/reflect/annotation/AnnotationInvocationHandler$1
Event: 13.261 loading class sun/reflect/annotation/AnnotationInvocationHandler$1 done
Event: 13.602 loading class sun/reflect/generics/tree/IntSignature
Event: 13.602 loading class sun/reflect/generics/tree/IntSignature done
Event: 13.602 loading class sun/reflect/generics/reflectiveObjects/GenericArrayTypeImpl
Event: 13.602 loading class sun/reflect/generics/reflectiveObjects/GenericArrayTypeImpl done
Event: 13.617 loading class java/util/regex/PatternSyntaxException
Event: 13.618 loading class java/util/regex/PatternSyntaxException done
Event: 13.669 loading class sun/reflect/generics/tree/BooleanSignature
Event: 13.669 loading class sun/reflect/generics/tree/BooleanSignature done
Event: 13.760 loading class java/lang/invoke/MethodHandleImpl$CountingWrapper$1
Event: 13.760 loading class java/lang/invoke/MethodHandleImpl$CountingWrapper$1 done
Event: 13.941 loading class javax/net/ssl/SSLException
Event: 13.942 loading class javax/net/ssl/SSLException done
Event: 13.942 loading class java/io/EOFException
Event: 13.942 loading class java/io/EOFException done
Event: 13.973 loading class java/nio/channels/CompletionHandler
Event: 13.973 loading class java/nio/channels/CompletionHandler done
Event: 13.997 loading class jdk/internal/vm/annotation/IntrinsicCandidate
Event: 13.998 loading class jdk/internal/vm/annotation/IntrinsicCandidate done


Dynamic libraries:
0x00007ff6e3a70000 - 0x00007ff6e3a7e000 	C:\Users\Parag\3D Objects\sts-4.19.1.RELEASE\plugins\org.eclipse.justj.openjdk.hotspot.jre.full.win32.x86_64_17.0.7.v20230425-1502\jre\bin\javaw.exe
0x00007ff852990000 - 0x00007ff852b88000 	C:\Windows\SYSTEM32\ntdll.dll
0x00007ff851010000 - 0x00007ff8510cd000 	C:\Windows\System32\KERNEL32.DLL
0x00007ff8502f0000 - 0x00007ff8505e6000 	C:\Windows\System32\KERNELBASE.dll
0x00007ff8506d0000 - 0x00007ff8507d0000 	C:\Windows\System32\ucrtbase.dll
0x00007ff849880000 - 0x00007ff849897000 	C:\Users\Parag\3D Objects\sts-4.19.1.RELEASE\plugins\org.eclipse.justj.openjdk.hotspot.jre.full.win32.x86_64_17.0.7.v20230425-1502\jre\bin\jli.dll
0x00007ff852520000 - 0x00007ff8526bf000 	C:\Windows\System32\USER32.dll
0x00007ff850250000 - 0x00007ff850272000 	C:\Windows\System32\win32u.dll
0x00007ff852920000 - 0x00007ff85294b000 	C:\Windows\System32\GDI32.dll
0x00007ff8508b0000 - 0x00007ff8509c7000 	C:\Windows\System32\gdi32full.dll
0x00007ff8501b0000 - 0x00007ff85024d000 	C:\Windows\System32\msvcp_win.dll
0x00007ff848980000 - 0x00007ff848999000 	C:\Users\Parag\3D Objects\sts-4.19.1.RELEASE\plugins\org.eclipse.justj.openjdk.hotspot.jre.full.win32.x86_64_17.0.7.v20230425-1502\jre\bin\VCRUNTIME140.dll
0x00007ff845230000 - 0x00007ff8454ca000 	C:\Windows\WinSxS\amd64_microsoft.windows.common-controls_6595b64144ccf1df_6.0.19041.4355_none_60b8b9eb71f62e16\COMCTL32.dll
0x00007ff850c00000 - 0x00007ff850c9e000 	C:\Windows\System32\msvcrt.dll
0x00007ff852410000 - 0x00007ff85243f000 	C:\Windows\System32\IMM32.DLL
0x00007ff849ac0000 - 0x00007ff849acc000 	C:\Users\Parag\3D Objects\sts-4.19.1.RELEASE\plugins\org.eclipse.justj.openjdk.hotspot.jre.full.win32.x86_64_17.0.7.v20230425-1502\jre\bin\vcruntime140_1.dll
0x00007ff843410000 - 0x00007ff8434a1000 	C:\Users\Parag\3D Objects\sts-4.19.1.RELEASE\plugins\org.eclipse.justj.openjdk.hotspot.jre.full.win32.x86_64_17.0.7.v20230425-1502\jre\bin\msvcp140.dll
0x00007ffff3fa0000 - 0x00007ffff4be8000 	C:\Users\Parag\3D Objects\sts-4.19.1.RELEASE\plugins\org.eclipse.justj.openjdk.hotspot.jre.full.win32.x86_64_17.0.7.v20230425-1502\jre\bin\server\jvm.dll
0x00007ff852230000 - 0x00007ff8522e0000 	C:\Windows\System32\ADVAPI32.dll
0x00007ff8510d0000 - 0x00007ff851170000 	C:\Windows\System32\sechost.dll
0x00007ff8527f0000 - 0x00007ff852913000 	C:\Windows\System32\RPCRT4.dll
0x00007ff8507d0000 - 0x00007ff8507f7000 	C:\Windows\System32\bcrypt.dll
0x00007ff84a500000 - 0x00007ff84a509000 	C:\Windows\SYSTEM32\WSOCK32.dll
0x00007ff850d60000 - 0x00007ff850dcb000 	C:\Windows\System32\WS2_32.dll
0x00007ff83d340000 - 0x00007ff83d367000 	C:\Windows\SYSTEM32\WINMM.dll
0x00007ff8462b0000 - 0x00007ff8462ba000 	C:\Windows\SYSTEM32\VERSION.dll
0x00007ff84de90000 - 0x00007ff84dea2000 	C:\Windows\SYSTEM32\kernel.appcore.dll
0x00007ff849ab0000 - 0x00007ff849aba000 	C:\Users\Parag\3D Objects\sts-4.19.1.RELEASE\plugins\org.eclipse.justj.openjdk.hotspot.jre.full.win32.x86_64_17.0.7.v20230425-1502\jre\bin\jimage.dll
0x00007ff847fd0000 - 0x00007ff8481b4000 	C:\Windows\SYSTEM32\DBGHELP.DLL
0x00007ff847e20000 - 0x00007ff847e54000 	C:\Windows\SYSTEM32\dbgcore.DLL
0x00007ff8505f0000 - 0x00007ff850672000 	C:\Windows\System32\bcryptPrimitives.dll
0x00007ff849a80000 - 0x00007ff849aa5000 	C:\Users\Parag\3D Objects\sts-4.19.1.RELEASE\plugins\org.eclipse.justj.openjdk.hotspot.jre.full.win32.x86_64_17.0.7.v20230425-1502\jre\bin\java.dll
0x00007ff849a60000 - 0x00007ff849a78000 	C:\Users\Parag\3D Objects\sts-4.19.1.RELEASE\plugins\org.eclipse.justj.openjdk.hotspot.jre.full.win32.x86_64_17.0.7.v20230425-1502\jre\bin\zip.dll
0x00007ff851ac0000 - 0x00007ff85222c000 	C:\Windows\System32\SHELL32.dll
0x00007ff84e090000 - 0x00007ff84e82d000 	C:\Windows\SYSTEM32\windows.storage.dll
0x00007ff851170000 - 0x00007ff8514c3000 	C:\Windows\System32\combase.dll
0x00007ff84f990000 - 0x00007ff84f9be000 	C:\Windows\SYSTEM32\Wldp.dll
0x00007ff852440000 - 0x00007ff85250d000 	C:\Windows\System32\OLEAUT32.dll
0x00007ff8522e0000 - 0x00007ff85238d000 	C:\Windows\System32\SHCORE.dll
0x00007ff850d00000 - 0x00007ff850d55000 	C:\Windows\System32\shlwapi.dll
0x00007ff84ff80000 - 0x00007ff84ffa4000 	C:\Windows\SYSTEM32\profapi.dll
0x00007ff849a40000 - 0x00007ff849a59000 	C:\Users\Parag\3D Objects\sts-4.19.1.RELEASE\plugins\org.eclipse.justj.openjdk.hotspot.jre.full.win32.x86_64_17.0.7.v20230425-1502\jre\bin\net.dll
0x00007ff848ee0000 - 0x00007ff848fea000 	C:\Windows\SYSTEM32\WINHTTP.dll
0x00007ff84f770000 - 0x00007ff84f7da000 	C:\Windows\system32\mswsock.dll
0x00007ff849580000 - 0x00007ff849595000 	C:\Users\Parag\3D Objects\sts-4.19.1.RELEASE\plugins\org.eclipse.justj.openjdk.hotspot.jre.full.win32.x86_64_17.0.7.v20230425-1502\jre\bin\nio.dll
0x00007ff849ae0000 - 0x00007ff849ae9000 	C:\Users\Parag\3D Objects\sts-4.19.1.RELEASE\plugins\org.eclipse.justj.openjdk.hotspot.jre.full.win32.x86_64_17.0.7.v20230425-1502\jre\bin\management.dll
0x00007ff849990000 - 0x00007ff84999b000 	C:\Users\Parag\3D Objects\sts-4.19.1.RELEASE\plugins\org.eclipse.justj.openjdk.hotspot.jre.full.win32.x86_64_17.0.7.v20230425-1502\jre\bin\management_ext.dll
0x00007ff8515e0000 - 0x00007ff8515e8000 	C:\Windows\System32\PSAPI.DLL
0x00007ff836da0000 - 0x00007ff836db7000 	C:\Windows\system32\napinsp.dll
0x00007ff836580000 - 0x00007ff83659b000 	C:\Windows\system32\pnrpnsp.dll
0x00007ff836560000 - 0x00007ff836575000 	C:\Windows\system32\wshbth.dll
0x00007ff84a080000 - 0x00007ff84a09d000 	C:\Windows\system32\NLAapi.dll
0x00007ff84f420000 - 0x00007ff84f45b000 	C:\Windows\SYSTEM32\IPHLPAPI.DLL
0x00007ff84f460000 - 0x00007ff84f52a000 	C:\Windows\SYSTEM32\DNSAPI.dll
0x00007ff8515d0000 - 0x00007ff8515d8000 	C:\Windows\System32\NSI.dll
0x00007ff836540000 - 0x00007ff836552000 	C:\Windows\System32\winrnr.dll
0x00007ff844bf0000 - 0x00007ff844bfa000 	C:\Windows\System32\rasadhlp.dll
0x00007ff844f30000 - 0x00007ff844fb0000 	C:\Windows\System32\fwpuclnt.dll
0x00007ff84f9d0000 - 0x00007ff84f9e8000 	C:\Windows\SYSTEM32\CRYPTSP.dll
0x00007ff84f040000 - 0x00007ff84f074000 	C:\Windows\system32\rsaenh.dll
0x00007ff84ff30000 - 0x00007ff84ff5e000 	C:\Windows\SYSTEM32\USERENV.dll
0x00007ff84f900000 - 0x00007ff84f90c000 	C:\Windows\SYSTEM32\CRYPTBASE.dll
0x00007ff847130000 - 0x00007ff847147000 	C:\Windows\SYSTEM32\dhcpcsvc6.DLL
0x00007ff847c60000 - 0x00007ff847c7d000 	C:\Windows\SYSTEM32\dhcpcsvc.DLL
0x00007ff849460000 - 0x00007ff84946e000 	C:\Users\Parag\3D Objects\sts-4.19.1.RELEASE\plugins\org.eclipse.justj.openjdk.hotspot.jre.full.win32.x86_64_17.0.7.v20230425-1502\jre\bin\sunmscapi.dll
0x00007ff850050000 - 0x00007ff8501ae000 	C:\Windows\System32\CRYPT32.dll
0x00007ff84fae0000 - 0x00007ff84fb09000 	C:\Windows\SYSTEM32\ncrypt.dll
0x00007ff84faa0000 - 0x00007ff84fadb000 	C:\Windows\SYSTEM32\NTASN1.dll
0x00007ff849570000 - 0x00007ff849580000 	C:\Users\Parag\3D Objects\sts-4.19.1.RELEASE\plugins\org.eclipse.justj.openjdk.hotspot.jre.full.win32.x86_64_17.0.7.v20230425-1502\jre\bin\verify.dll

dbghelp: loaded successfully - version: 4.0.5 - missing functions: none
symbol engine: initialized successfully - sym options: 0x614 - pdb path: .;C:\Users\Parag\3D Objects\sts-4.19.1.RELEASE\plugins\org.eclipse.justj.openjdk.hotspot.jre.full.win32.x86_64_17.0.7.v20230425-1502\jre\bin;C:\Windows\SYSTEM32;C:\Windows\WinSxS\amd64_microsoft.windows.common-controls_6595b64144ccf1df_6.0.19041.4355_none_60b8b9eb71f62e16;C:\Users\Parag\3D Objects\sts-4.19.1.RELEASE\plugins\org.eclipse.justj.openjdk.hotspot.jre.full.win32.x86_64_17.0.7.v20230425-1502\jre\bin\server

VM Arguments:
jvm_args: -Dcom.sun.management.jmxremote -Dcom.sun.management.jmxremote.port=51923 -Dcom.sun.management.jmxremote.authenticate=false -Dcom.sun.management.jmxremote.ssl=false -Djava.rmi.server.hostname=localhost -Dspring.jmx.enabled=true -Dmanagement.endpoints.jmx.exposure.include=* -Dspring.application.admin.enabled=true -XX:TieredStopAtLevel=1 -Dspring.boot.project.name=Service_Registry -Dfile.encoding=UTF-8 -XX:+ShowCodeDetailsInExceptionMessages 
java_command: com.example.demo1.ServiceRegistryApplication --spring.output.ansi.enabled=always
java_class_path (initial): D:\Parag\spring-tool-workspace\Service_Registry\target\classes;C:\Users\Parag\.m2\repository\org\springframework\boot\spring-boot-starter-web\3.3.0\spring-boot-starter-web-3.3.0.jar;C:\Users\Parag\.m2\repository\org\springframework\boot\spring-boot-starter\3.3.0\spring-boot-starter-3.3.0.jar;C:\Users\Parag\.m2\repository\org\springframework\boot\spring-boot-starter-logging\3.3.0\spring-boot-starter-logging-3.3.0.jar;C:\Users\Parag\.m2\repository\ch\qos\logback\logback-classic\1.5.6\logback-classic-1.5.6.jar;C:\Users\Parag\.m2\repository\ch\qos\logback\logback-core\1.5.6\logback-core-1.5.6.jar;C:\Users\Parag\.m2\repository\org\apache\logging\log4j\log4j-to-slf4j\2.23.1\log4j-to-slf4j-2.23.1.jar;C:\Users\Parag\.m2\repository\org\apache\logging\log4j\log4j-api\2.23.1\log4j-api-2.23.1.jar;C:\Users\Parag\.m2\repository\org\slf4j\jul-to-slf4j\2.0.13\jul-to-slf4j-2.0.13.jar;C:\Users\Parag\.m2\repository\jakarta\annotation\jakarta.annotation-api\2.1.1\jakarta.annotation-api-2.1.1.jar;C:\Users\Parag\.m2\repository\org\yaml\snakeyaml\2.2\snakeyaml-2.2.jar;C:\Users\Parag\.m2\repository\org\springframework\boot\spring-boot-starter-json\3.3.0\spring-boot-starter-json-3.3.0.jar;C:\Users\Parag\.m2\repository\com\fasterxml\jackson\core\jackson-databind\2.17.1\jackson-databind-2.17.1.jar;C:\Users\Parag\.m2\repository\com\fasterxml\jackson\core\jackson-annotations\2.17.1\jackson-annotations-2.17.1.jar;C:\Users\Parag\.m2\repository\com\fasterxml\jackson\core\jackson-core\2.17.1\jackson-core-2.17.1.jar;C:\Users\Parag\.m2\repository\com\fasterxml\jackson\datatype\jackson-datatype-jdk8\2.17.1\jackson-datatype-jdk8-2.17.1.jar;C:\Users\Parag\.m2\repository\com\fasterxml\jackson\datatype\jackson-datatype-jsr310\2.17.1\jackson-datatype-jsr310-2.17.1.jar;C:\Users\Parag\.m2\repository\com\fasterxml\jackson\module\jackson-module-parameter-names\2.17.1\jackson-module-parameter-names-2.17.1.jar;C:\Users\Parag\.m2\repository\org\springframework\boot\spring-boot-starter
Launcher Type: SUN_STANDARD

[Global flags]
     intx CICompilerCount                          = 3                                         {product} {ergonomic}
     uint ConcGCThreads                            = 1                                         {product} {ergonomic}
     uint G1ConcRefinementThreads                  = 4                                         {product} {ergonomic}
   size_t G1HeapRegionSize                         = 1048576                                   {product} {ergonomic}
    uintx GCDrainStackTargetSize                   = 64                                        {product} {ergonomic}
   size_t InitialHeapSize                          = 134217728                                 {product} {ergonomic}
     bool ManagementServer                         = true                                      {product} {command line}
   size_t MarkStackSize                            = 4194304                                   {product} {ergonomic}
   size_t MaxHeapSize                              = 2122317824                                {product} {ergonomic}
   size_t MaxNewSize                               = 1272971264                                {product} {ergonomic}
   size_t MinHeapDeltaBytes                        = 1048576                                   {product} {ergonomic}
   size_t MinHeapSize                              = 8388608                                   {product} {ergonomic}
    uintx NonProfiledCodeHeapSize                  = 0                                      {pd product} {ergonomic}
     bool ProfileInterpreter                       = false                                  {pd product} {command line}
    uintx ProfiledCodeHeapSize                     = 0                                      {pd product} {ergonomic}
     bool ShowCodeDetailsInExceptionMessages       = true                                   {manageable} {command line}
   size_t SoftMaxHeapSize                          = 2122317824                             {manageable} {ergonomic}
     intx TieredStopAtLevel                        = 1                                         {product} {command line}
     bool UseCompressedClassPointers               = true                           {product lp64_product} {ergonomic}
     bool UseCompressedOops                        = true                           {product lp64_product} {ergonomic}
     bool UseG1GC                                  = true                                      {product} {ergonomic}
     bool UseLargePagesIndividualAllocation        = false                                  {pd product} {ergonomic}

Logging:
Log output configuration:
 #0: stdout all=warning uptime,level,tags
 #1: stderr all=off uptime,level,tags

Environment Variables:
JAVA_HOME=C:\Program Files\Java\jdk1.8.0_202
PATH=C:/Users/Parag/3D Objects/sts-4.19.1.RELEASE//plugins/org.eclipse.justj.openjdk.hotspot.jre.full.win32.x86_64_17.0.7.v20230425-1502/jre/bin/server;C:/Users/Parag/3D Objects/sts-4.19.1.RELEASE//plugins/org.eclipse.justj.openjdk.hotspot.jre.full.win32.x86_64_17.0.7.v20230425-1502/jre/bin;C:\Program Files\Common Files\Oracle\Java\javapath;C:\Program Files (x86)\Common Files\Oracle\Java\javapath;C:\Windows\system32;C:\Windows;C:\Windows\System32\Wbem;C:\Windows\System32\WindowsPowerShell\v1.0\;C:\Windows\System32\OpenSSH\;C:\Program Files\Java\jdk1.8.0_202\bin;D:\Parag\Software\apache-maven-3.9.7\bin;C:\Program Files\dotnet\;D:\Parag\Software\node-v18.17.0-win-x64\node-v18.17.0-win-x64;C:\Program Files\Git\cmd;C:\Users\Parag\3D Objects\sts-4.19.1.RELEASE;
USERNAME=Parag
OS=Windows_NT
PROCESSOR_IDENTIFIER=Intel64 Family 6 Model 69 Stepping 1, GenuineIntel
TMP=C:\Users\Parag\AppData\Local\Temp
TEMP=C:\Users\Parag\AppData\Local\Temp



---------------  S Y S T E M  ---------------

OS:
 Windows 10 , 64 bit Build 19041 (10.0.19041.3636)
OS uptime: 0 days 1:40 hours
Hyper-V role detected

CPU: total 4 (initial active 4) (2 cores per cpu, 2 threads per core) family 6 model 69 stepping 1 microcode 0x25, cx8, cmov, fxsr, ht, mmx, sse, sse2, sse3, ssse3, sse4.1, sse4.2, popcnt, lzcnt, tsc, tscinvbit, avx, avx2, aes, erms, clmul, bmi1, bmi2, fma, vzeroupper, clflush, hv

Memory: 4k page, system-wide physical 8095M (472M free)
TotalPageFile size 10143M (AvailPageFile size 4M)
current process WorkingSet (physical memory assigned to process): 176M, peak: 186M
current process commit charge ("private bytes"): 206M, peak: 224M

vm_info: OpenJDK 64-Bit Server VM (17.0.7+7) for windows-amd64 JRE (17.0.7+7), built on Apr 18 2023 22:10:42 by "temurin" with MS VC++ 16.7 (VS2019)

END.
